[ 2017-08-22T18:16:16+08:00 ] 192.168.31.210 /car/?m=Travel&a=myorder&status=1&sessionkey=9ab3800e8109711d&p=1
INFO: [ app_begin ] --START--
INFO: Run ReadHtmlCache Behavior [ RunTime:0.001046s ]
INFO: [ app_begin ] --END-- [ RunTime:0.001139s ]
SQL: SHOW COLUMNS FROM `bingo_car_xszlist` [ RunTime:0.006300s ]
SQL: SELECT * FROM `bingo_car_xszlist` WHERE ( `openid` = 'ozFkd0ZgRAuFKM2uJmQGO8VSYVOQ' ) AND ( `status` = 1 ) LIMIT 0,6   [ RunTime:0.000504s ]

[ 2017-08-22T18:16:16+08:00 ] 192.168.31.210 /car/?m=Travel&a=myorder&status=2&sessionkey=9ab3800e8109711d&p=1
INFO: [ app_begin ] --START--
INFO: Run ReadHtmlCache Behavior [ RunTime:0.000900s ]
INFO: [ app_begin ] --END-- [ RunTime:0.000993s ]
SQL: SHOW COLUMNS FROM `bingo_car_xszlist` [ RunTime:0.005719s ]
SQL: SELECT * FROM `bingo_car_xszlist` WHERE ( `openid` = 'ozFkd0ZgRAuFKM2uJmQGO8VSYVOQ' ) AND ( `status` = 2 ) LIMIT 0,6   [ RunTime:0.000450s ]

[ 2017-08-22T18:16:21+08:00 ] 192.168.31.210 /car/?m=Mini&a=CountOrder&sessionkey=9ab3800e8109711d
INFO: [ app_begin ] --START--
INFO: Run ReadHtmlCache Behavior [ RunTime:0.001072s ]
INFO: [ app_begin ] --END-- [ RunTime:0.001170s ]
SQL: SHOW COLUMNS FROM `bingo_car_xszlist` [ RunTime:0.004701s ]
SQL: SELECT COUNT(*) AS tp_count FROM `bingo_car_xszlist` WHERE ( `openid` = 'ozFkd0ZgRAuFKM2uJmQGO8VSYVOQ' ) LIMIT 1   [ RunTime:0.000251s ]
SQL: SHOW COLUMNS FROM `bingo_car_drivelist` [ RunTime:0.004349s ]
SQL: SELECT COUNT(*) AS tp_count FROM `bingo_car_drivelist` WHERE ( `openid` = 'ozFkd0ZgRAuFKM2uJmQGO8VSYVOQ' ) LIMIT 1   [ RunTime:0.000204s ]
SQL: SHOW COLUMNS FROM `bingo_car_wtslist` [ RunTime:0.005233s ]
SQL: SELECT COUNT(*) AS tp_count FROM `bingo_car_wtslist` WHERE ( `openid` = 'ozFkd0ZgRAuFKM2uJmQGO8VSYVOQ' ) LIMIT 1   [ RunTime:0.000354s ]
SQL: SHOW COLUMNS FROM `bingo_car_cpzlist` [ RunTime:0.005082s ]
SQL: SELECT COUNT(*) AS tp_count FROM `bingo_car_cpzlist` WHERE ( `openid` = 'ozFkd0ZgRAuFKM2uJmQGO8VSYVOQ' ) LIMIT 1   [ RunTime:0.000249s ]
SQL: SHOW COLUMNS FROM `bingo_car_mjblist` [ RunTime:0.004417s ]
SQL: SELECT COUNT(*) AS tp_count FROM `bingo_car_mjblist` WHERE ( `openid` = 'ozFkd0ZgRAuFKM2uJmQGO8VSYVOQ' ) LIMIT 1   [ RunTime:0.000209s ]
SQL: SHOW COLUMNS FROM `bingo_car_greenlist` [ RunTime:0.004422s ]
SQL: SELECT COUNT(*) AS tp_count FROM `bingo_car_greenlist` WHERE ( `openid` = 'ozFkd0ZgRAuFKM2uJmQGO8VSYVOQ' ) LIMIT 1   [ RunTime:0.000211s ]
SQL: SHOW COLUMNS FROM `bingo_car_checklist` [ RunTime:0.004473s ]
SQL: SELECT COUNT(*) AS tp_count FROM `bingo_car_checklist` WHERE ( `openid` = 'ozFkd0ZgRAuFKM2uJmQGO8VSYVOQ' ) LIMIT 1   [ RunTime:0.000215s ]

[ 2017-08-22T18:16:47+08:00 ] 192.168.31.210 /car/?m=Mini&a=UserInfo&type=1&sessionkey=9ab3800e8109711d
INFO: [ app_begin ] --START--
INFO: Run ReadHtmlCache Behavior [ RunTime:0.001279s ]
INFO: [ app_begin ] --END-- [ RunTime:0.001386s ]
SQL: SHOW COLUMNS FROM `bingo_user_list` [ RunTime:0.004865s ]
SQL: SELECT * FROM `bingo_user_list` LIMIT 1   [ RunTime:0.000373s ]
SQL: SHOW COLUMNS FROM `bingo_car_xszlist` [ RunTime:0.004811s ]
SQL: SELECT * FROM `bingo_car_xszlist` WHERE ( `openid` = 'ozFkd0ZgRAuFKM2uJmQGO8VSYVOQ' ) ORDER BY id desc LIMIT 1   [ RunTime:0.000424s ]

[ 2017-08-22T18:16:59+08:00 ] 0.0.0.0 /car/User-userlist.html
INFO: [ route_check ] --START--
INFO: Run CheckRoute Behavior [ RunTime:0.001191s ]
INFO: [ route_check ] --END-- [ RunTime:0.001274s ]
INFO: [ app_begin ] --START--
INFO: Run ReadHtmlCache Behavior [ RunTime:0.000824s ]
INFO: [ app_begin ] --END-- [ RunTime:0.000887s ]
SQL: SHOW COLUMNS FROM `bingo_user_list` [ RunTime:0.005123s ]
SQL: SELECT * FROM `bingo_user_list` WHERE ( `status` >= 0 ) AND ( `type` >= 0 ) ORDER BY type desc,addtime desc LIMIT 0,15   [ RunTime:0.000461s ]
SQL: SELECT COUNT(*) AS tp_count FROM `bingo_user_list` WHERE ( `status` >= 0 ) AND ( `type` >= 0 ) LIMIT 1   [ RunTime:0.000218s ]
NOTIC: [2] urlencode() expects parameter 1 to be string, array given E:\phpStudy\WWW\car\App\Lib\Action\UserAction.class.php 第 39 行.
NOTIC: [2] urlencode() expects parameter 1 to be string, array given E:\phpStudy\WWW\car\App\Lib\Action\UserAction.class.php 第 39 行.
INFO: [ view_template ] --START--
INFO: Run LocationTemplate Behavior [ RunTime:0.001315s ]
INFO: [ view_template ] --END-- [ RunTime:0.001377s ]
INFO: [ view_parse ] --START--
NOTIC: [8] Undefined index: type E:\phpStudy\WWW\car\App\Runtime\Cache\2044b99f2fef8a019cb31e215b6844e5.php 第 185 行.
NOTIC: [8] Undefined index: word E:\phpStudy\WWW\car\App\Runtime\Cache\2044b99f2fef8a019cb31e215b6844e5.php 第 185 行.
NOTIC: [8] Undefined index: type E:\phpStudy\WWW\car\App\Runtime\Cache\2044b99f2fef8a019cb31e215b6844e5.php 第 280 行.
INFO: Run ParseTemplate Behavior [ RunTime:0.020030s ]
INFO: [ view_parse ] --END-- [ RunTime:0.020095s ]
INFO: [ view_filter ] --START--
INFO: Run ContentReplace Behavior [ RunTime:0.000804s ]
INFO: Run TokenBuild Behavior [ RunTime:0.000713s ]
INFO: Run WriteHtmlCache Behavior [ RunTime:0.000630s ]
INFO: Run ShowRuntime Behavior [ RunTime:0.000789s ]
INFO: [ view_filter ] --END-- [ RunTime:0.003096s ]
INFO: [ view_end ] --START--
INFO: Run ShowPageTrace Behavior [ RunTime:0.000924s ]
INFO: [ view_end ] --END-- [ RunTime:0.000983s ]

[ 2017-08-22T18:17:01+08:00 ] 0.0.0.0 /car/Drive-orderlist.html
INFO: [ route_check ] --START--
INFO: Run CheckRoute Behavior [ RunTime:0.001152s ]
INFO: [ route_check ] --END-- [ RunTime:0.001235s ]
INFO: [ app_begin ] --START--
INFO: Run ReadHtmlCache Behavior [ RunTime:0.000834s ]
INFO: [ app_begin ] --END-- [ RunTime:0.000897s ]
SQL: SHOW COLUMNS FROM `bingo_car_drivelist` [ RunTime:0.005615s ]
SQL: SELECT a.id,b.nickname,a.name,a.tel,a.adr,a.cphm,a.status,a.addtime,a.paytime,b.headimgurl,a.fee,a.cardimg,a.sfz1,a.sfz2,a.video,a.openid FROM bingo_car_drivelist a LEFT JOIN bingo_user_list b ON a.openid=b.openid WHERE ( a.status >= 0 ) ORDER BY a.addtime desc LIMIT 0,15   [ RunTime:0.000490s ]
SQL: SELECT COUNT(*) AS tp_count FROM bingo_car_drivelist a LEFT JOIN bingo_user_list b ON a.openid=b.openid WHERE ( a.status >= 0 ) LIMIT 1   [ RunTime:0.000236s ]
NOTIC: [2] urlencode() expects parameter 1 to be string, array given E:\phpStudy\WWW\car\App\Lib\Action\DriveAction.class.php 第 119 行.
INFO: [ view_template ] --START--
INFO: Run LocationTemplate Behavior [ RunTime:0.001309s ]
INFO: [ view_template ] --END-- [ RunTime:0.001371s ]
INFO: [ view_parse ] --START--
NOTIC: [8] Undefined index: type E:\phpStudy\WWW\car\App\Runtime\Cache\d2245d088d6ace51d04a4f8c558b66b3.php 第 186 行.
NOTIC: [8] Undefined index: word E:\phpStudy\WWW\car\App\Runtime\Cache\d2245d088d6ace51d04a4f8c558b66b3.php 第 186 行.
NOTIC: [8] Undefined index: status E:\phpStudy\WWW\car\App\Runtime\Cache\d2245d088d6ace51d04a4f8c558b66b3.php 第 186 行.
NOTIC: [8] Undefined index: status E:\phpStudy\WWW\car\App\Runtime\Cache\d2245d088d6ace51d04a4f8c558b66b3.php 第 356 行.
NOTIC: [8] Undefined index: status E:\phpStudy\WWW\car\App\Runtime\Cache\d2245d088d6ace51d04a4f8c558b66b3.php 第 356 行.
INFO: Run ParseTemplate Behavior [ RunTime:0.023568s ]
INFO: [ view_parse ] --END-- [ RunTime:0.023637s ]
INFO: [ view_filter ] --START--
INFO: Run ContentReplace Behavior [ RunTime:0.000863s ]
INFO: Run TokenBuild Behavior [ RunTime:0.000782s ]
INFO: Run WriteHtmlCache Behavior [ RunTime:0.000606s ]
INFO: Run ShowRuntime Behavior [ RunTime:0.000795s ]
INFO: [ view_filter ] --END-- [ RunTime:0.003206s ]
INFO: [ view_end ] --START--
INFO: Run ShowPageTrace Behavior [ RunTime:0.000993s ]
INFO: [ view_end ] --END-- [ RunTime:0.001056s ]

[ 2017-08-22T18:17:12+08:00 ] 0.0.0.0 /car/RePlate-orderlist.html
INFO: [ route_check ] --START--
INFO: Run CheckRoute Behavior [ RunTime:0.001155s ]
INFO: [ route_check ] --END-- [ RunTime:0.001235s ]
INFO: [ app_begin ] --START--
INFO: Run ReadHtmlCache Behavior [ RunTime:0.000820s ]
INFO: [ app_begin ] --END-- [ RunTime:0.000882s ]
SQL: SHOW COLUMNS FROM `bingo_car_cpzlist` [ RunTime:0.004870s ]
SQL: SELECT a.id,b.nickname,a.name,a.tel,a.adr,a.cphm,a.status,a.addtime,a.paytime,b.headimgurl,a.fee,a.xcz2,a.sfz1,a.sfz2,a.xcz1,a.openid FROM bingo_car_cpzlist a LEFT JOIN bingo_user_list b ON a.openid=b.openid WHERE ( a.status >= 0 ) ORDER BY a.addtime desc LIMIT 0,15   [ RunTime:0.000376s ]
SQL: SELECT COUNT(*) AS tp_count FROM bingo_car_cpzlist a LEFT JOIN bingo_user_list b ON a.openid=b.openid WHERE ( a.status >= 0 ) LIMIT 1   [ RunTime:0.000234s ]
NOTIC: [2] urlencode() expects parameter 1 to be string, array given E:\phpStudy\WWW\car\App\Lib\Action\RePlateAction.class.php 第 120 行.
INFO: [ view_template ] --START--
INFO: Run LocationTemplate Behavior [ RunTime:0.001273s ]
INFO: [ view_template ] --END-- [ RunTime:0.001334s ]
INFO: [ view_parse ] --START--
NOTIC: [8] Undefined index: type E:\phpStudy\WWW\car\App\Runtime\Cache\9ae97f845862f0939b15d0804e2cf081.php 第 188 行.
NOTIC: [8] Undefined index: word E:\phpStudy\WWW\car\App\Runtime\Cache\9ae97f845862f0939b15d0804e2cf081.php 第 188 行.
NOTIC: [8] Undefined index: status E:\phpStudy\WWW\car\App\Runtime\Cache\9ae97f845862f0939b15d0804e2cf081.php 第 188 行.
NOTIC: [8] Undefined index: status E:\phpStudy\WWW\car\App\Runtime\Cache\9ae97f845862f0939b15d0804e2cf081.php 第 359 行.
NOTIC: [8] Undefined index: status E:\phpStudy\WWW\car\App\Runtime\Cache\9ae97f845862f0939b15d0804e2cf081.php 第 359 行.
INFO: Run ParseTemplate Behavior [ RunTime:0.024234s ]
INFO: [ view_parse ] --END-- [ RunTime:0.024301s ]
INFO: [ view_filter ] --START--
INFO: Run ContentReplace Behavior [ RunTime:0.000804s ]
INFO: Run TokenBuild Behavior [ RunTime:0.000704s ]
INFO: Run WriteHtmlCache Behavior [ RunTime:0.000598s ]
INFO: Run ShowRuntime Behavior [ RunTime:0.000979s ]
INFO: [ view_filter ] --END-- [ RunTime:0.003245s ]
INFO: [ view_end ] --START--
INFO: Run ShowPageTrace Behavior [ RunTime:0.000951s ]
INFO: [ view_end ] --END-- [ RunTime:0.001016s ]

[ 2017-08-22T18:17:14+08:00 ] 0.0.0.0 /car/RePlate-orderlist.html
INFO: [ route_check ] --START--
INFO: Run CheckRoute Behavior [ RunTime:0.001138s ]
INFO: [ route_check ] --END-- [ RunTime:0.001219s ]
INFO: [ app_begin ] --START--
INFO: Run ReadHtmlCache Behavior [ RunTime:0.000826s ]
INFO: [ app_begin ] --END-- [ RunTime:0.000887s ]
SQL: SHOW COLUMNS FROM `bingo_car_cpzlist` [ RunTime:0.004788s ]
SQL: SELECT a.id,b.nickname,a.name,a.tel,a.adr,a.cphm,a.status,a.addtime,a.paytime,b.headimgurl,a.fee,a.xcz2,a.sfz1,a.sfz2,a.xcz1,a.openid FROM bingo_car_cpzlist a LEFT JOIN bingo_user_list b ON a.openid=b.openid WHERE ( a.status >= 0 ) ORDER BY a.addtime desc LIMIT 0,15   [ RunTime:0.000360s ]
SQL: SELECT COUNT(*) AS tp_count FROM bingo_car_cpzlist a LEFT JOIN bingo_user_list b ON a.openid=b.openid WHERE ( a.status >= 0 ) LIMIT 1   [ RunTime:0.000215s ]
NOTIC: [2] urlencode() expects parameter 1 to be string, array given E:\phpStudy\WWW\car\App\Lib\Action\RePlateAction.class.php 第 120 行.
INFO: [ view_template ] --START--
INFO: Run LocationTemplate Behavior [ RunTime:0.001194s ]
INFO: [ view_template ] --END-- [ RunTime:0.001256s ]
INFO: [ view_parse ] --START--
NOTIC: [8] Undefined index: type E:\phpStudy\WWW\car\App\Runtime\Cache\9ae97f845862f0939b15d0804e2cf081.php 第 188 行.
NOTIC: [8] Undefined index: word E:\phpStudy\WWW\car\App\Runtime\Cache\9ae97f845862f0939b15d0804e2cf081.php 第 188 行.
NOTIC: [8] Undefined index: status E:\phpStudy\WWW\car\App\Runtime\Cache\9ae97f845862f0939b15d0804e2cf081.php 第 188 行.
NOTIC: [8] Undefined index: status E:\phpStudy\WWW\car\App\Runtime\Cache\9ae97f845862f0939b15d0804e2cf081.php 第 359 行.
NOTIC: [8] Undefined index: status E:\phpStudy\WWW\car\App\Runtime\Cache\9ae97f845862f0939b15d0804e2cf081.php 第 359 行.
INFO: Run ParseTemplate Behavior [ RunTime:0.023799s ]
INFO: [ view_parse ] --END-- [ RunTime:0.023863s ]
INFO: [ view_filter ] --START--
INFO: Run ContentReplace Behavior [ RunTime:0.000823s ]
INFO: Run TokenBuild Behavior [ RunTime:0.000703s ]
INFO: Run WriteHtmlCache Behavior [ RunTime:0.000598s ]
INFO: Run ShowRuntime Behavior [ RunTime:0.000779s ]
INFO: [ view_filter ] --END-- [ RunTime:0.003064s ]
INFO: [ view_end ] --START--
INFO: Run ShowPageTrace Behavior [ RunTime:0.000931s ]
INFO: [ view_end ] --END-- [ RunTime:0.000992s ]

[ 2017-08-22T18:17:17+08:00 ] 0.0.0.0 /car/Exempt-orderlist.html
INFO: [ route_check ] --START--
INFO: Run CheckRoute Behavior [ RunTime:0.001151s ]
INFO: [ route_check ] --END-- [ RunTime:0.001238s ]
INFO: [ app_begin ] --START--
INFO: Run ReadHtmlCache Behavior [ RunTime:0.000828s ]
INFO: [ app_begin ] --END-- [ RunTime:0.000890s ]
SQL: SHOW COLUMNS FROM `bingo_car_mjblist` [ RunTime:0.005273s ]
SQL: SELECT a.id,b.nickname,a.name,a.tel,a.adr,a.cphm,a.status,a.addtime,a.paytime,b.headimgurl,a.fee,a.xcz2,a.sfz1,a.sfz2,a.xcz1,a.openid FROM bingo_car_mjblist a LEFT JOIN bingo_user_list b ON a.openid=b.openid WHERE ( a.status >= 0 ) ORDER BY a.addtime desc LIMIT 0,15   [ RunTime:0.000406s ]
SQL: SELECT COUNT(*) AS tp_count FROM bingo_car_mjblist a LEFT JOIN bingo_user_list b ON a.openid=b.openid WHERE ( a.status >= 0 ) LIMIT 1   [ RunTime:0.000216s ]
NOTIC: [2] urlencode() expects parameter 1 to be string, array given E:\phpStudy\WWW\car\App\Lib\Action\ExemptAction.class.php 第 118 行.
INFO: [ view_template ] --START--
INFO: Run LocationTemplate Behavior [ RunTime:0.001271s ]
INFO: [ view_template ] --END-- [ RunTime:0.001332s ]
INFO: [ view_parse ] --START--
NOTIC: [8] Undefined index: type E:\phpStudy\WWW\car\App\Runtime\Cache\6159dd00638181a9665362daff2494c1.php 第 188 行.
NOTIC: [8] Undefined index: word E:\phpStudy\WWW\car\App\Runtime\Cache\6159dd00638181a9665362daff2494c1.php 第 188 行.
NOTIC: [8] Undefined index: status E:\phpStudy\WWW\car\App\Runtime\Cache\6159dd00638181a9665362daff2494c1.php 第 188 行.
NOTIC: [8] Undefined index: status E:\phpStudy\WWW\car\App\Runtime\Cache\6159dd00638181a9665362daff2494c1.php 第 360 行.
NOTIC: [8] Undefined index: status E:\phpStudy\WWW\car\App\Runtime\Cache\6159dd00638181a9665362daff2494c1.php 第 360 行.
INFO: Run ParseTemplate Behavior [ RunTime:0.023656s ]
INFO: [ view_parse ] --END-- [ RunTime:0.023723s ]
INFO: [ view_filter ] --START--
INFO: Run ContentReplace Behavior [ RunTime:0.000786s ]
INFO: Run TokenBuild Behavior [ RunTime:0.000703s ]
INFO: Run WriteHtmlCache Behavior [ RunTime:0.000597s ]
INFO: Run ShowRuntime Behavior [ RunTime:0.000781s ]
INFO: [ view_filter ] --END-- [ RunTime:0.003027s ]
INFO: [ view_end ] --START--
INFO: Run ShowPageTrace Behavior [ RunTime:0.000940s ]
INFO: [ view_end ] --END-- [ RunTime:0.000999s ]

[ 2017-08-22T18:17:20+08:00 ] 0.0.0.0 /car/Exempt-orderlist.html
INFO: [ route_check ] --START--
INFO: Run CheckRoute Behavior [ RunTime:0.001227s ]
INFO: [ route_check ] --END-- [ RunTime:0.001488s ]
INFO: [ app_begin ] --START--
INFO: Run ReadHtmlCache Behavior [ RunTime:0.000860s ]
INFO: [ app_begin ] --END-- [ RunTime:0.000922s ]
SQL: SHOW COLUMNS FROM `bingo_car_mjblist` [ RunTime:0.004921s ]
SQL: SELECT a.id,b.nickname,a.name,a.tel,a.adr,a.cphm,a.status,a.addtime,a.paytime,b.headimgurl,a.fee,a.xcz2,a.sfz1,a.sfz2,a.xcz1,a.openid FROM bingo_car_mjblist a LEFT JOIN bingo_user_list b ON a.openid=b.openid WHERE ( a.status >= 0 ) ORDER BY a.addtime desc LIMIT 0,15   [ RunTime:0.000438s ]
SQL: SELECT COUNT(*) AS tp_count FROM bingo_car_mjblist a LEFT JOIN bingo_user_list b ON a.openid=b.openid WHERE ( a.status >= 0 ) LIMIT 1   [ RunTime:0.000216s ]
NOTIC: [2] urlencode() expects parameter 1 to be string, array given E:\phpStudy\WWW\car\App\Lib\Action\ExemptAction.class.php 第 118 行.
INFO: [ view_template ] --START--
INFO: Run LocationTemplate Behavior [ RunTime:0.001210s ]
INFO: [ view_template ] --END-- [ RunTime:0.001272s ]
INFO: [ view_parse ] --START--
NOTIC: [8] Undefined index: type E:\phpStudy\WWW\car\App\Runtime\Cache\6159dd00638181a9665362daff2494c1.php 第 188 行.
NOTIC: [8] Undefined index: word E:\phpStudy\WWW\car\App\Runtime\Cache\6159dd00638181a9665362daff2494c1.php 第 188 行.
NOTIC: [8] Undefined index: status E:\phpStudy\WWW\car\App\Runtime\Cache\6159dd00638181a9665362daff2494c1.php 第 188 行.
NOTIC: [8] Undefined index: status E:\phpStudy\WWW\car\App\Runtime\Cache\6159dd00638181a9665362daff2494c1.php 第 360 行.
NOTIC: [8] Undefined index: status E:\phpStudy\WWW\car\App\Runtime\Cache\6159dd00638181a9665362daff2494c1.php 第 360 行.
INFO: Run ParseTemplate Behavior [ RunTime:0.023594s ]
INFO: [ view_parse ] --END-- [ RunTime:0.023659s ]
INFO: [ view_filter ] --START--
INFO: Run ContentReplace Behavior [ RunTime:0.000786s ]
INFO: Run TokenBuild Behavior [ RunTime:0.000703s ]
INFO: Run WriteHtmlCache Behavior [ RunTime:0.000602s ]
INFO: Run ShowRuntime Behavior [ RunTime:0.000785s ]
INFO: [ view_filter ] --END-- [ RunTime:0.003036s ]
INFO: [ view_end ] --START--
INFO: Run ShowPageTrace Behavior [ RunTime:0.000964s ]
INFO: [ view_end ] --END-- [ RunTime:0.001023s ]

[ 2017-08-22T18:17:22+08:00 ] 0.0.0.0 /car/Check-orderlist.html
INFO: [ route_check ] --START--
INFO: Run CheckRoute Behavior [ RunTime:0.001168s ]
INFO: [ route_check ] --END-- [ RunTime:0.001253s ]
INFO: [ app_begin ] --START--
INFO: Run ReadHtmlCache Behavior [ RunTime:0.000836s ]
INFO: [ app_begin ] --END-- [ RunTime:0.000897s ]
SQL: SHOW COLUMNS FROM `bingo_car_checklist` [ RunTime:0.005726s ]
SQL: SELECT a.id,b.nickname,a.name,a.tel,a.adr,a.cphm,a.status,a.addtime,a.paytime,b.headimgurl,a.fee,a.insuimg,a.xcz1,a.xcz2,a.openid FROM bingo_car_checklist a LEFT JOIN bingo_user_list b ON a.openid=b.openid WHERE ( a.status >= 0 ) ORDER BY a.addtime desc LIMIT 0,15   [ RunTime:0.000591s ]
SQL: SELECT COUNT(*) AS tp_count FROM bingo_car_checklist a LEFT JOIN bingo_user_list b ON a.openid=b.openid WHERE ( a.status >= 0 ) LIMIT 1   [ RunTime:0.000270s ]
NOTIC: [2] urlencode() expects parameter 1 to be string, array given E:\phpStudy\WWW\car\App\Lib\Action\CheckAction.class.php 第 117 行.
INFO: [ view_template ] --START--
INFO: Run LocationTemplate Behavior [ RunTime:0.001306s ]
INFO: [ view_template ] --END-- [ RunTime:0.001369s ]
INFO: [ view_parse ] --START--
NOTIC: [8] Undefined index: type E:\phpStudy\WWW\car\App\Runtime\Cache\40450ba2e3b870b6ea028451bd68beb7.php 第 188 行.
NOTIC: [8] Undefined index: word E:\phpStudy\WWW\car\App\Runtime\Cache\40450ba2e3b870b6ea028451bd68beb7.php 第 188 行.
NOTIC: [8] Undefined index: status E:\phpStudy\WWW\car\App\Runtime\Cache\40450ba2e3b870b6ea028451bd68beb7.php 第 188 行.
NOTIC: [8] Undefined index: status E:\phpStudy\WWW\car\App\Runtime\Cache\40450ba2e3b870b6ea028451bd68beb7.php 第 358 行.
NOTIC: [8] Undefined index: status E:\phpStudy\WWW\car\App\Runtime\Cache\40450ba2e3b870b6ea028451bd68beb7.php 第 358 行.
INFO: Run ParseTemplate Behavior [ RunTime:0.024131s ]
INFO: [ view_parse ] --END-- [ RunTime:0.024204s ]
INFO: [ view_filter ] --START--
INFO: Run ContentReplace Behavior [ RunTime:0.000825s ]
INFO: Run TokenBuild Behavior [ RunTime:0.000733s ]
INFO: Run WriteHtmlCache Behavior [ RunTime:0.000603s ]
INFO: Run ShowRuntime Behavior [ RunTime:0.000802s ]
INFO: [ view_filter ] --END-- [ RunTime:0.003124s ]
INFO: [ view_end ] --START--
INFO: Run ShowPageTrace Behavior [ RunTime:0.001051s ]
INFO: [ view_end ] --END-- [ RunTime:0.001117s ]

[ 2017-08-22T18:17:24+08:00 ] 0.0.0.0 /car/Green-orderlist.html
INFO: [ route_check ] --START--
INFO: Run CheckRoute Behavior [ RunTime:0.001137s ]
INFO: [ route_check ] --END-- [ RunTime:0.001219s ]
INFO: [ app_begin ] --START--
INFO: Run ReadHtmlCache Behavior [ RunTime:0.000818s ]
INFO: [ app_begin ] --END-- [ RunTime:0.000880s ]
SQL: SHOW COLUMNS FROM `bingo_car_greenlist` [ RunTime:0.006362s ]
SQL: SELECT a.id,b.nickname,a.name,a.tel,a.adr,a.cphm,a.status,a.addtime,a.paytime,b.headimgurl,a.fee,a.registerimg,a.xcz1,a.xcz2,a.openid FROM bingo_car_greenlist a LEFT JOIN bingo_user_list b ON a.openid=b.openid WHERE ( a.status >= 0 ) ORDER BY a.addtime desc LIMIT 0,15   [ RunTime:0.000609s ]
SQL: SELECT COUNT(*) AS tp_count FROM bingo_car_greenlist a LEFT JOIN bingo_user_list b ON a.openid=b.openid WHERE ( a.status >= 0 ) LIMIT 1   [ RunTime:0.000363s ]
NOTIC: [2] urlencode() expects parameter 1 to be string, array given E:\phpStudy\WWW\car\App\Lib\Action\GreenAction.class.php 第 118 行.
INFO: [ view_template ] --START--
INFO: Run LocationTemplate Behavior [ RunTime:0.001449s ]
INFO: [ view_template ] --END-- [ RunTime:0.001516s ]
INFO: [ view_parse ] --START--
NOTIC: [8] Undefined index: type E:\phpStudy\WWW\car\App\Runtime\Cache\65500bea6d761aff59bdf88a51df668e.php 第 188 行.
NOTIC: [8] Undefined index: word E:\phpStudy\WWW\car\App\Runtime\Cache\65500bea6d761aff59bdf88a51df668e.php 第 188 行.
NOTIC: [8] Undefined index: status E:\phpStudy\WWW\car\App\Runtime\Cache\65500bea6d761aff59bdf88a51df668e.php 第 188 行.
NOTIC: [8] Undefined index: status E:\phpStudy\WWW\car\App\Runtime\Cache\65500bea6d761aff59bdf88a51df668e.php 第 358 行.
NOTIC: [8] Undefined index: status E:\phpStudy\WWW\car\App\Runtime\Cache\65500bea6d761aff59bdf88a51df668e.php 第 358 行.
INFO: Run ParseTemplate Behavior [ RunTime:0.023607s ]
INFO: [ view_parse ] --END-- [ RunTime:0.023673s ]
INFO: [ view_filter ] --START--
INFO: Run ContentReplace Behavior [ RunTime:0.000774s ]
INFO: Run TokenBuild Behavior [ RunTime:0.000704s ]
INFO: Run WriteHtmlCache Behavior [ RunTime:0.000599s ]
INFO: Run ShowRuntime Behavior [ RunTime:0.000891s ]
INFO: [ view_filter ] --END-- [ RunTime:0.003129s ]
INFO: [ view_end ] --START--
INFO: Run ShowPageTrace Behavior [ RunTime:0.000957s ]
INFO: [ view_end ] --END-- [ RunTime:0.001054s ]

[ 2017-08-22T18:17:26+08:00 ] 0.0.0.0 /car/Exempt-orderlist.html
INFO: [ route_check ] --START--
INFO: Run CheckRoute Behavior [ RunTime:0.001135s ]
INFO: [ route_check ] --END-- [ RunTime:0.001217s ]
INFO: [ app_begin ] --START--
INFO: Run ReadHtmlCache Behavior [ RunTime:0.000824s ]
INFO: [ app_begin ] --END-- [ RunTime:0.000886s ]
SQL: SHOW COLUMNS FROM `bingo_car_mjblist` [ RunTime:0.004951s ]
SQL: SELECT a.id,b.nickname,a.name,a.tel,a.adr,a.cphm,a.status,a.addtime,a.paytime,b.headimgurl,a.fee,a.xcz2,a.sfz1,a.sfz2,a.xcz1,a.openid FROM bingo_car_mjblist a LEFT JOIN bingo_user_list b ON a.openid=b.openid WHERE ( a.status >= 0 ) ORDER BY a.addtime desc LIMIT 0,15   [ RunTime:0.000502s ]
SQL: SELECT COUNT(*) AS tp_count FROM bingo_car_mjblist a LEFT JOIN bingo_user_list b ON a.openid=b.openid WHERE ( a.status >= 0 ) LIMIT 1   [ RunTime:0.000326s ]
NOTIC: [2] urlencode() expects parameter 1 to be string, array given E:\phpStudy\WWW\car\App\Lib\Action\ExemptAction.class.php 第 118 行.
INFO: [ view_template ] --START--
INFO: Run LocationTemplate Behavior [ RunTime:0.001490s ]
INFO: [ view_template ] --END-- [ RunTime:0.001556s ]
INFO: [ view_parse ] --START--
NOTIC: [8] Undefined index: type E:\phpStudy\WWW\car\App\Runtime\Cache\6159dd00638181a9665362daff2494c1.php 第 188 行.
NOTIC: [8] Undefined index: word E:\phpStudy\WWW\car\App\Runtime\Cache\6159dd00638181a9665362daff2494c1.php 第 188 行.
NOTIC: [8] Undefined index: status E:\phpStudy\WWW\car\App\Runtime\Cache\6159dd00638181a9665362daff2494c1.php 第 188 行.
NOTIC: [8] Undefined index: status E:\phpStudy\WWW\car\App\Runtime\Cache\6159dd00638181a9665362daff2494c1.php 第 360 行.
NOTIC: [8] Undefined index: status E:\phpStudy\WWW\car\App\Runtime\Cache\6159dd00638181a9665362daff2494c1.php 第 360 行.
INFO: Run ParseTemplate Behavior [ RunTime:0.024050s ]
INFO: [ view_parse ] --END-- [ RunTime:0.024119s ]
INFO: [ view_filter ] --START--
INFO: Run ContentReplace Behavior [ RunTime:0.000792s ]
INFO: Run TokenBuild Behavior [ RunTime:0.000704s ]
INFO: Run WriteHtmlCache Behavior [ RunTime:0.000598s ]
INFO: Run ShowRuntime Behavior [ RunTime:0.000819s ]
INFO: [ view_filter ] --END-- [ RunTime:0.003075s ]
INFO: [ view_end ] --START--
INFO: Run ShowPageTrace Behavior [ RunTime:0.000978s ]
INFO: [ view_end ] --END-- [ RunTime:0.001037s ]

[ 2017-08-22T19:13:36+08:00 ] 192.168.31.171 /car/?m=Mini&a=OnLogin&code=061dlNlf2oILUD0kK7jf2QnFlf2dlNlQ
INFO: [ app_begin ] --START--
INFO: Run ReadHtmlCache Behavior [ RunTime:0.021052s ]
INFO: [ app_begin ] --END-- [ RunTime:0.128384s ]
SQL: SHOW COLUMNS FROM `bingo_user_list` [ RunTime:0.406989s ]
SQL: SELECT * FROM `bingo_user_list` WHERE ( `openid` = 'ozFkd0X2wtDeEyBkDoNfk3jTwq9g' ) LIMIT 1   [ RunTime:0.098593s ]
SQL: UPDATE `bingo_user_list` SET `headimgurl`='https://wx.qlogo.cn/mmopen/4h0Uv4XOMvOlfvUnxic40mMh68qq0CUHVdLckALa4n2jXNq2tzAQ649ibKl5LYsQkf1dj7VAefKGia1mIMFDQLxtg/0',`nickname`='卢巽',`sex`=1,`city`='',`province`='',`country`='BY' WHERE ( `openid` = 'ozFkd0X2wtDeEyBkDoNfk3jTwq9g' ) [ RunTime:0.086688s ]

[ 2017-08-22T19:14:15+08:00 ] 192.168.31.210 /car/?m=Mini&a=OnLogin&code=011AM8xh2W4YgG08huvh2zSVwh2AM8xG
INFO: [ app_begin ] --START--
INFO: Run ReadHtmlCache Behavior [ RunTime:0.001153s ]
INFO: [ app_begin ] --END-- [ RunTime:0.001297s ]
SQL: SHOW COLUMNS FROM `bingo_user_list` [ RunTime:0.004129s ]
SQL: SELECT * FROM `bingo_user_list` WHERE ( `openid` = 'ozFkd0ZgRAuFKM2uJmQGO8VSYVOQ' ) LIMIT 1   [ RunTime:0.000390s ]
SQL: UPDATE `bingo_user_list` SET `headimgurl`='https://wx.qlogo.cn/mmopen/9eSN7cAL2SSgC2oBI3WCcszgFeuUBE7lia6HaGzzeDDRONIPCSfrA0hz5MEloN48lyEVCDEjZFN6XNrJEWSqXfQ/0',`nickname`='飞过天空',`sex`=1,`city`='Alameda County',`province`='California',`country`='US' WHERE ( `openid` = 'ozFkd0ZgRAuFKM2uJmQGO8VSYVOQ' ) [ RunTime:0.000204s ]

[ 2017-08-22T19:14:25+08:00 ] 0.0.0.0 /car/Sys
INFO: [ route_check ] --START--
INFO: Run CheckRoute Behavior [ RunTime:0.069337s ]
INFO: [ route_check ] --END-- [ RunTime:0.069433s ]
INFO: [ app_begin ] --START--
INFO: Run ReadHtmlCache Behavior [ RunTime:0.000841s ]
INFO: [ app_begin ] --END-- [ RunTime:0.000911s ]
NOTIC: [8] Undefined index: sys_uid E:\phpStudy\WWW\car\App\Lib\Action\CommonAction.class.php 第 101 行.

[ 2017-08-22T19:14:25+08:00 ] 0.0.0.0 /car/Sys-login
INFO: [ route_check ] --START--
INFO: Run CheckRoute Behavior [ RunTime:0.000986s ]
INFO: [ route_check ] --END-- [ RunTime:0.001092s ]
INFO: [ app_begin ] --START--
INFO: Run ReadHtmlCache Behavior [ RunTime:0.000704s ]
INFO: [ app_begin ] --END-- [ RunTime:0.000761s ]
NOTIC: [8] Undefined index: sys_uid E:\phpStudy\WWW\car\App\Lib\Action\SysAction.class.php 第 14 行.
INFO: [ view_template ] --START--
INFO: Run LocationTemplate Behavior [ RunTime:0.023475s ]
INFO: [ view_template ] --END-- [ RunTime:0.023565s ]
INFO: [ view_parse ] --START--
INFO: Run ParseTemplate Behavior [ RunTime:0.052959s ]
INFO: [ view_parse ] --END-- [ RunTime:0.053033s ]
INFO: [ view_filter ] --START--
INFO: Run ContentReplace Behavior [ RunTime:0.004448s ]
INFO: Run TokenBuild Behavior [ RunTime:0.008997s ]
INFO: Run WriteHtmlCache Behavior [ RunTime:0.000708s ]
INFO: Run ShowRuntime Behavior [ RunTime:0.000860s ]
INFO: [ view_filter ] --END-- [ RunTime:0.015168s ]
INFO: [ view_end ] --START--
INFO: Run ShowPageTrace Behavior [ RunTime:0.000996s ]
INFO: [ view_end ] --END-- [ RunTime:0.001052s ]

[ 2017-08-22T19:14:29+08:00 ] 0.0.0.0 /car/Sys-login.html
INFO: [ route_check ] --START--
INFO: Run CheckRoute Behavior [ RunTime:0.000912s ]
INFO: [ route_check ] --END-- [ RunTime:0.000991s ]
INFO: [ app_begin ] --START--
INFO: Run ReadHtmlCache Behavior [ RunTime:0.000735s ]
INFO: [ app_begin ] --END-- [ RunTime:0.000793s ]
SQL: SHOW COLUMNS FROM `bingo_sys_user` [ RunTime:0.057834s ]
SQL: SELECT * FROM `bingo_sys_user` WHERE ( `user` = 'admin' ) AND ( `pwd` = 'e10adc3949ba59abbe56e057f20f883e' ) LIMIT 1   [ RunTime:0.000388s ]
SQL: SHOW COLUMNS FROM `bingo_sys_group_access` [ RunTime:0.034406s ]
SQL: SELECT * FROM `bingo_sys_group_access` WHERE ( `uid` = 1 ) LIMIT 1   [ RunTime:0.000318s ]
SQL: SHOW COLUMNS FROM `bingo_sys_logs` [ RunTime:0.042128s ]
SQL: SELECT MAX(addtime) AS tp_max FROM `bingo_sys_logs` WHERE ( `uid` = 1 ) AND ( `event` LIKE '%登录%' ) LIMIT 1   [ RunTime:0.016802s ]
SQL: INSERT INTO `bingo_sys_logs` (`event`,`uid`,`type`,`addtime`,`addip`) VALUES ('系统管理员admin登录后台。',1,1,1503400467,'0.0.0.0') [ RunTime:0.177451s ]

[ 2017-08-22T19:14:30+08:00 ] 0.0.0.0 /car/Sys-index
INFO: [ route_check ] --START--
INFO: Run CheckRoute Behavior [ RunTime:0.000904s ]
INFO: [ route_check ] --END-- [ RunTime:0.000985s ]
INFO: [ app_begin ] --START--
INFO: Run ReadHtmlCache Behavior [ RunTime:0.000654s ]
INFO: [ app_begin ] --END-- [ RunTime:0.000711s ]
SQL: SHOW COLUMNS FROM `bingo_item_order` [ RunTime:0.065712s ]
SQL: SELECT COUNT(*) AS tp_count FROM `bingo_item_order` WHERE (  (`addtime` BETWEEN 1502553600 AND 1502640000 ) ) LIMIT 1   [ RunTime:0.000435s ]
SQL: SELECT COUNT(*) AS tp_count FROM `bingo_item_order` WHERE (  (`addtime` BETWEEN 1502640000 AND 1502726400 ) ) LIMIT 1   [ RunTime:0.000220s ]
SQL: SELECT COUNT(*) AS tp_count FROM `bingo_item_order` WHERE (  (`addtime` BETWEEN 1502726400 AND 1502812800 ) ) LIMIT 1   [ RunTime:0.000180s ]
SQL: SELECT COUNT(*) AS tp_count FROM `bingo_item_order` WHERE (  (`addtime` BETWEEN 1502812800 AND 1502899200 ) ) LIMIT 1   [ RunTime:0.000186s ]
SQL: SELECT COUNT(*) AS tp_count FROM `bingo_item_order` WHERE (  (`addtime` BETWEEN 1502899200 AND 1502985600 ) ) LIMIT 1   [ RunTime:0.000200s ]
SQL: SELECT COUNT(*) AS tp_count FROM `bingo_item_order` WHERE (  (`addtime` BETWEEN 1502985600 AND 1503072000 ) ) LIMIT 1   [ RunTime:0.000186s ]
SQL: SELECT COUNT(*) AS tp_count FROM `bingo_item_order` WHERE (  (`addtime` BETWEEN 1503072000 AND 1503158400 ) ) LIMIT 1   [ RunTime:0.000191s ]
SQL: SELECT COUNT(*) AS tp_count FROM `bingo_item_order` WHERE (  (`addtime` BETWEEN 1503158400 AND 1503244800 ) ) LIMIT 1   [ RunTime:0.000175s ]
SQL: SELECT COUNT(*) AS tp_count FROM `bingo_item_order` WHERE (  (`addtime` BETWEEN 1503244800 AND 1503331200 ) ) LIMIT 1   [ RunTime:0.000183s ]
SQL: SELECT COUNT(*) AS tp_count FROM `bingo_item_order` WHERE (  (`addtime` BETWEEN 1503331200 AND 1503417600 ) ) LIMIT 1   [ RunTime:0.000194s ]
SQL: SHOW COLUMNS FROM `bingo_sys_logs` [ RunTime:0.003630s ]
SQL: SELECT * FROM `bingo_sys_logs` WHERE ( `uid` = 1 ) ORDER BY addtime desc LIMIT 0,10   [ RunTime:0.000863s ]
SQL: SELECT COUNT(*) AS tp_count FROM `bingo_sys_logs` WHERE ( `uid` = 1 ) LIMIT 1   [ RunTime:0.000272s ]
SQL: SHOW COLUMNS FROM `bingo_user_list` [ RunTime:0.004064s ]
SQL: SELECT COUNT(*) AS tp_count FROM `bingo_user_list` LIMIT 1   [ RunTime:0.000188s ]
SQL: SELECT COUNT(*) AS tp_count FROM `bingo_item_order` LIMIT 1   [ RunTime:0.000172s ]
SQL: SHOW COLUMNS FROM `bingo_recommend_list` [ RunTime:0.037274s ]
SQL: SELECT COUNT(*) AS tp_count FROM `bingo_recommend_list` WHERE ( `status` = 2 ) LIMIT 1   [ RunTime:0.000248s ]
SQL: SELECT COUNT(*) AS tp_count FROM `bingo_item_order` WHERE ( `status` = 1 ) LIMIT 1   [ RunTime:0.000180s ]
INFO: [ view_template ] --START--
INFO: Run LocationTemplate Behavior [ RunTime:0.000786s ]
INFO: [ view_template ] --END-- [ RunTime:0.000846s ]
INFO: [ view_parse ] --START--
INFO: Run ParseTemplate Behavior [ RunTime:0.096656s ]
INFO: [ view_parse ] --END-- [ RunTime:0.096726s ]
INFO: [ view_filter ] --START--
INFO: Run ContentReplace Behavior [ RunTime:0.000535s ]
INFO: Run TokenBuild Behavior [ RunTime:0.000499s ]
INFO: Run WriteHtmlCache Behavior [ RunTime:0.000388s ]
INFO: Run ShowRuntime Behavior [ RunTime:0.000580s ]
INFO: [ view_filter ] --END-- [ RunTime:0.002158s ]
INFO: [ view_end ] --START--
INFO: Run ShowPageTrace Behavior [ RunTime:0.000722s ]
INFO: [ view_end ] --END-- [ RunTime:0.000778s ]

[ 2017-08-22T19:14:35+08:00 ] 0.0.0.0 /car/Drive-orderlist.html
INFO: [ route_check ] --START--
INFO: Run CheckRoute Behavior [ RunTime:0.000939s ]
INFO: [ route_check ] --END-- [ RunTime:0.001024s ]
INFO: [ app_begin ] --START--
INFO: Run ReadHtmlCache Behavior [ RunTime:0.000712s ]
INFO: [ app_begin ] --END-- [ RunTime:0.000770s ]
SQL: SHOW COLUMNS FROM `bingo_car_drivelist` [ RunTime:0.038339s ]
SQL: SELECT a.id,b.nickname,a.name,a.tel,a.adr,a.cphm,a.status,a.addtime,a.paytime,b.headimgurl,a.fee,a.cardimg,a.sfz1,a.sfz2,a.video,a.openid FROM bingo_car_drivelist a LEFT JOIN bingo_user_list b ON a.openid=b.openid WHERE ( a.status >= 0 ) ORDER BY a.addtime desc LIMIT 0,15   [ RunTime:0.011584s ]
SQL: SELECT COUNT(*) AS tp_count FROM bingo_car_drivelist a LEFT JOIN bingo_user_list b ON a.openid=b.openid WHERE ( a.status >= 0 ) LIMIT 1   [ RunTime:0.000236s ]
NOTIC: [2] urlencode() expects parameter 1 to be string, array given E:\phpStudy\WWW\car\App\Lib\Action\DriveAction.class.php 第 119 行.
INFO: [ view_template ] --START--
INFO: Run LocationTemplate Behavior [ RunTime:0.001122s ]
INFO: [ view_template ] --END-- [ RunTime:0.001200s ]
INFO: [ view_parse ] --START--
NOTIC: [8] Undefined index: type E:\phpStudy\WWW\car\App\Runtime\Cache\d2245d088d6ace51d04a4f8c558b66b3.php 第 186 行.
NOTIC: [8] Undefined index: word E:\phpStudy\WWW\car\App\Runtime\Cache\d2245d088d6ace51d04a4f8c558b66b3.php 第 186 行.
NOTIC: [8] Undefined index: status E:\phpStudy\WWW\car\App\Runtime\Cache\d2245d088d6ace51d04a4f8c558b66b3.php 第 186 行.
NOTIC: [8] Undefined index: status E:\phpStudy\WWW\car\App\Runtime\Cache\d2245d088d6ace51d04a4f8c558b66b3.php 第 356 行.
NOTIC: [8] Undefined index: status E:\phpStudy\WWW\car\App\Runtime\Cache\d2245d088d6ace51d04a4f8c558b66b3.php 第 356 行.
INFO: Run ParseTemplate Behavior [ RunTime:0.026112s ]
INFO: [ view_parse ] --END-- [ RunTime:0.026173s ]
INFO: [ view_filter ] --START--
INFO: Run ContentReplace Behavior [ RunTime:0.000540s ]
INFO: Run TokenBuild Behavior [ RunTime:0.000840s ]
INFO: Run WriteHtmlCache Behavior [ RunTime:0.000445s ]
INFO: Run ShowRuntime Behavior [ RunTime:0.000598s ]
INFO: [ view_filter ] --END-- [ RunTime:0.002590s ]
INFO: [ view_end ] --START--
INFO: Run ShowPageTrace Behavior [ RunTime:0.000717s ]
INFO: [ view_end ] --END-- [ RunTime:0.000773s ]

[ 2017-08-22T19:15:36+08:00 ] 192.168.31.171 /car/?m=Mini&a=UserInfo&type=2&sessionkey=246703df0dc4a425
INFO: [ app_begin ] --START--
INFO: Run ReadHtmlCache Behavior [ RunTime:0.000904s ]
INFO: [ app_begin ] --END-- [ RunTime:0.000986s ]
SQL: SHOW COLUMNS FROM `bingo_user_list` [ RunTime:0.004282s ]
SQL: SELECT * FROM `bingo_user_list` LIMIT 1   [ RunTime:0.000402s ]
SQL: SHOW COLUMNS FROM `bingo_car_drivelist` [ RunTime:0.003609s ]
SQL: SELECT * FROM `bingo_car_drivelist` WHERE ( `openid` = 'ozFkd0X2wtDeEyBkDoNfk3jTwq9g' ) ORDER BY id desc LIMIT 1   [ RunTime:0.000296s ]

[ 2017-08-22T19:15:41+08:00 ] 192.168.31.171 /car/?m=Mini&a=UserInfo&type=1&sessionkey=246703df0dc4a425
INFO: [ app_begin ] --START--
INFO: Run ReadHtmlCache Behavior [ RunTime:0.000661s ]
INFO: [ app_begin ] --END-- [ RunTime:0.000737s ]
SQL: SHOW COLUMNS FROM `bingo_user_list` [ RunTime:0.004399s ]
SQL: SELECT * FROM `bingo_user_list` LIMIT 1   [ RunTime:0.000398s ]
SQL: SHOW COLUMNS FROM `bingo_car_xszlist` [ RunTime:0.034962s ]
SQL: SELECT * FROM `bingo_car_xszlist` WHERE ( `openid` = 'ozFkd0X2wtDeEyBkDoNfk3jTwq9g' ) ORDER BY id desc LIMIT 1   [ RunTime:0.007709s ]

[ 2017-08-22T19:15:46+08:00 ] 192.168.31.171 /car/?m=Mini&a=CountOrder&sessionkey=246703df0dc4a425
INFO: [ app_begin ] --START--
INFO: Run ReadHtmlCache Behavior [ RunTime:0.000669s ]
INFO: [ app_begin ] --END-- [ RunTime:0.000746s ]
SQL: SHOW COLUMNS FROM `bingo_car_xszlist` [ RunTime:0.004035s ]
SQL: SELECT COUNT(*) AS tp_count FROM `bingo_car_xszlist` WHERE ( `openid` = 'ozFkd0X2wtDeEyBkDoNfk3jTwq9g' ) LIMIT 1   [ RunTime:0.000260s ]
SQL: SHOW COLUMNS FROM `bingo_car_drivelist` [ RunTime:0.003701s ]
SQL: SELECT COUNT(*) AS tp_count FROM `bingo_car_drivelist` WHERE ( `openid` = 'ozFkd0X2wtDeEyBkDoNfk3jTwq9g' ) LIMIT 1   [ RunTime:0.000203s ]
SQL: SHOW COLUMNS FROM `bingo_car_wtslist` [ RunTime:0.054951s ]
SQL: SELECT COUNT(*) AS tp_count FROM `bingo_car_wtslist` WHERE ( `openid` = 'ozFkd0X2wtDeEyBkDoNfk3jTwq9g' ) LIMIT 1   [ RunTime:0.009398s ]
SQL: SHOW COLUMNS FROM `bingo_car_cpzlist` [ RunTime:0.031124s ]
SQL: SELECT COUNT(*) AS tp_count FROM `bingo_car_cpzlist` WHERE ( `openid` = 'ozFkd0X2wtDeEyBkDoNfk3jTwq9g' ) LIMIT 1   [ RunTime:0.016410s ]
SQL: SHOW COLUMNS FROM `bingo_car_mjblist` [ RunTime:0.030304s ]
SQL: SELECT COUNT(*) AS tp_count FROM `bingo_car_mjblist` WHERE ( `openid` = 'ozFkd0X2wtDeEyBkDoNfk3jTwq9g' ) LIMIT 1   [ RunTime:0.010059s ]
SQL: SHOW COLUMNS FROM `bingo_car_greenlist` [ RunTime:0.023018s ]
SQL: SELECT COUNT(*) AS tp_count FROM `bingo_car_greenlist` WHERE ( `openid` = 'ozFkd0X2wtDeEyBkDoNfk3jTwq9g' ) LIMIT 1   [ RunTime:0.005518s ]
SQL: SHOW COLUMNS FROM `bingo_car_checklist` [ RunTime:0.020674s ]
SQL: SELECT COUNT(*) AS tp_count FROM `bingo_car_checklist` WHERE ( `openid` = 'ozFkd0X2wtDeEyBkDoNfk3jTwq9g' ) LIMIT 1   [ RunTime:0.008656s ]

[ 2017-08-22T19:15:49+08:00 ] 192.168.31.171 /car/?m=Travel&a=myorder&status=&sessionkey=246703df0dc4a425&p=1
INFO: [ app_begin ] --START--
INFO: Run ReadHtmlCache Behavior [ RunTime:0.000657s ]
INFO: [ app_begin ] --END-- [ RunTime:0.000731s ]
SQL: SHOW COLUMNS FROM `bingo_car_xszlist` [ RunTime:0.004121s ]
SQL: SELECT * FROM `bingo_car_xszlist` WHERE ( `openid` = 'ozFkd0X2wtDeEyBkDoNfk3jTwq9g' ) AND ( `status` >= 0 ) LIMIT 0,6   [ RunTime:0.000496s ]

[ 2017-08-22T19:15:49+08:00 ] 192.168.31.171 /car/?m=Travel&a=myorder&status=1&sessionkey=246703df0dc4a425&p=1
INFO: [ app_begin ] --START--
INFO: Run ReadHtmlCache Behavior [ RunTime:0.000966s ]
INFO: [ app_begin ] --END-- [ RunTime:0.001038s ]
SQL: SHOW COLUMNS FROM `bingo_car_xszlist` [ RunTime:0.005560s ]
SQL: SELECT * FROM `bingo_car_xszlist` WHERE ( `openid` = 'ozFkd0X2wtDeEyBkDoNfk3jTwq9g' ) AND ( `status` = 1 ) LIMIT 0,6   [ RunTime:0.000463s ]

[ 2017-08-22T19:15:49+08:00 ] 192.168.31.171 /car/?m=Travel&a=myorder&status=2&sessionkey=246703df0dc4a425&p=1
INFO: [ app_begin ] --START--
INFO: Run ReadHtmlCache Behavior [ RunTime:0.000954s ]
INFO: [ app_begin ] --END-- [ RunTime:0.001035s ]
SQL: SHOW COLUMNS FROM `bingo_car_xszlist` [ RunTime:0.005765s ]
SQL: SELECT * FROM `bingo_car_xszlist` WHERE ( `openid` = 'ozFkd0X2wtDeEyBkDoNfk3jTwq9g' ) AND ( `status` = 2 ) LIMIT 0,6   [ RunTime:0.000481s ]

[ 2017-08-22T19:15:51+08:00 ] 192.168.31.171 /car/?m=Travel&a=myorder&status=&sessionkey=246703df0dc4a425&p=2
INFO: [ app_begin ] --START--
INFO: Run ReadHtmlCache Behavior [ RunTime:0.000671s ]
INFO: [ app_begin ] --END-- [ RunTime:0.000752s ]
SQL: SHOW COLUMNS FROM `bingo_car_xszlist` [ RunTime:0.004009s ]
SQL: SELECT * FROM `bingo_car_xszlist` WHERE ( `openid` = 'ozFkd0X2wtDeEyBkDoNfk3jTwq9g' ) AND ( `status` >= 0 ) LIMIT 6,6   [ RunTime:0.000390s ]

[ 2017-08-22T19:16:25+08:00 ] 192.168.31.171 /car/?m=Mini&a=CountOrder&sessionkey=246703df0dc4a425
INFO: [ app_begin ] --START--
INFO: Run ReadHtmlCache Behavior [ RunTime:0.000666s ]
INFO: [ app_begin ] --END-- [ RunTime:0.000739s ]
SQL: SHOW COLUMNS FROM `bingo_car_xszlist` [ RunTime:0.004470s ]
SQL: SELECT COUNT(*) AS tp_count FROM `bingo_car_xszlist` WHERE ( `openid` = 'ozFkd0X2wtDeEyBkDoNfk3jTwq9g' ) LIMIT 1   [ RunTime:0.000455s ]
SQL: SHOW COLUMNS FROM `bingo_car_drivelist` [ RunTime:0.004018s ]
SQL: SELECT COUNT(*) AS tp_count FROM `bingo_car_drivelist` WHERE ( `openid` = 'ozFkd0X2wtDeEyBkDoNfk3jTwq9g' ) LIMIT 1   [ RunTime:0.000485s ]
SQL: SHOW COLUMNS FROM `bingo_car_wtslist` [ RunTime:0.004556s ]
SQL: SELECT COUNT(*) AS tp_count FROM `bingo_car_wtslist` WHERE ( `openid` = 'ozFkd0X2wtDeEyBkDoNfk3jTwq9g' ) LIMIT 1   [ RunTime:0.000393s ]
SQL: SHOW COLUMNS FROM `bingo_car_cpzlist` [ RunTime:0.004324s ]
SQL: SELECT COUNT(*) AS tp_count FROM `bingo_car_cpzlist` WHERE ( `openid` = 'ozFkd0X2wtDeEyBkDoNfk3jTwq9g' ) LIMIT 1   [ RunTime:0.000457s ]
SQL: SHOW COLUMNS FROM `bingo_car_mjblist` [ RunTime:0.003879s ]
SQL: SELECT COUNT(*) AS tp_count FROM `bingo_car_mjblist` WHERE ( `openid` = 'ozFkd0X2wtDeEyBkDoNfk3jTwq9g' ) LIMIT 1   [ RunTime:0.000190s ]
SQL: SHOW COLUMNS FROM `bingo_car_greenlist` [ RunTime:0.003981s ]
SQL: SELECT COUNT(*) AS tp_count FROM `bingo_car_greenlist` WHERE ( `openid` = 'ozFkd0X2wtDeEyBkDoNfk3jTwq9g' ) LIMIT 1   [ RunTime:0.000249s ]
SQL: SHOW COLUMNS FROM `bingo_car_checklist` [ RunTime:0.003707s ]
SQL: SELECT COUNT(*) AS tp_count FROM `bingo_car_checklist` WHERE ( `openid` = 'ozFkd0X2wtDeEyBkDoNfk3jTwq9g' ) LIMIT 1   [ RunTime:0.000212s ]

[ 2017-08-22T19:17:00+08:00 ] 192.168.31.171 /car/?m=Mini&a=OnLogin&code=011QlAf11vB2512n5Re11fpNf11QlAfJ
INFO: [ app_begin ] --START--
INFO: Run ReadHtmlCache Behavior [ RunTime:0.000682s ]
INFO: [ app_begin ] --END-- [ RunTime:0.000756s ]
SQL: SHOW COLUMNS FROM `bingo_user_list` [ RunTime:0.004045s ]
SQL: SELECT * FROM `bingo_user_list` WHERE ( `openid` = 'ozFkd0X2wtDeEyBkDoNfk3jTwq9g' ) LIMIT 1   [ RunTime:0.000386s ]
SQL: UPDATE `bingo_user_list` SET `headimgurl`='https://wx.qlogo.cn/mmopen/4h0Uv4XOMvOlfvUnxic40mMh68qq0CUHVdLckALa4n2jXNq2tzAQ649ibKl5LYsQkf1dj7VAefKGia1mIMFDQLxtg/0',`nickname`='卢巽',`sex`=1,`city`='',`province`='',`country`='BY' WHERE ( `openid` = 'ozFkd0X2wtDeEyBkDoNfk3jTwq9g' ) [ RunTime:0.000203s ]

[ 2017-08-22T19:17:12+08:00 ] 192.168.31.171 /car/?m=Mini&a=OnLogin&code=061DqPrP0dccC82AMbtP0HtPrP0DqPrZ
INFO: [ app_begin ] --START--
INFO: Run ReadHtmlCache Behavior [ RunTime:0.000661s ]
INFO: [ app_begin ] --END-- [ RunTime:0.000737s ]
SQL: SHOW COLUMNS FROM `bingo_user_list` [ RunTime:0.003995s ]
SQL: SELECT * FROM `bingo_user_list` WHERE ( `openid` = 'ozFkd0X2wtDeEyBkDoNfk3jTwq9g' ) LIMIT 1   [ RunTime:0.000475s ]
SQL: UPDATE `bingo_user_list` SET `headimgurl`='https://wx.qlogo.cn/mmopen/4h0Uv4XOMvOlfvUnxic40mMh68qq0CUHVdLckALa4n2jXNq2tzAQ649ibKl5LYsQkf1dj7VAefKGia1mIMFDQLxtg/0',`nickname`='卢巽',`sex`=1,`city`='',`province`='',`country`='BY' WHERE ( `openid` = 'ozFkd0X2wtDeEyBkDoNfk3jTwq9g' ) [ RunTime:0.000431s ]

[ 2017-08-22T19:17:23+08:00 ] 192.168.31.171 /car/?m=Mini&a=OnLogin&code=0011biS70WUjnK1hrGQ70tsYR701biSy
INFO: [ app_begin ] --START--
INFO: Run ReadHtmlCache Behavior [ RunTime:0.000664s ]
INFO: [ app_begin ] --END-- [ RunTime:0.000738s ]
SQL: SHOW COLUMNS FROM `bingo_user_list` [ RunTime:0.004059s ]
SQL: SELECT * FROM `bingo_user_list` WHERE ( `openid` = 'ozFkd0X2wtDeEyBkDoNfk3jTwq9g' ) LIMIT 1   [ RunTime:0.000384s ]
SQL: UPDATE `bingo_user_list` SET `headimgurl`='https://wx.qlogo.cn/mmopen/4h0Uv4XOMvOlfvUnxic40mMh68qq0CUHVdLckALa4n2jXNq2tzAQ649ibKl5LYsQkf1dj7VAefKGia1mIMFDQLxtg/0',`nickname`='卢巽',`sex`=1,`city`='',`province`='',`country`='BY' WHERE ( `openid` = 'ozFkd0X2wtDeEyBkDoNfk3jTwq9g' ) [ RunTime:0.000201s ]

[ 2017-08-22T19:17:31+08:00 ] 0.0.0.0 /car/Drive-orderlist.html
INFO: [ route_check ] --START--
INFO: Run CheckRoute Behavior [ RunTime:0.001033s ]
INFO: [ route_check ] --END-- [ RunTime:0.001182s ]
INFO: [ app_begin ] --START--
INFO: Run ReadHtmlCache Behavior [ RunTime:0.000697s ]
INFO: [ app_begin ] --END-- [ RunTime:0.000760s ]
SQL: SHOW COLUMNS FROM `bingo_car_drivelist` [ RunTime:0.004114s ]
SQL: SELECT a.id,b.nickname,a.name,a.tel,a.adr,a.cphm,a.status,a.addtime,a.paytime,b.headimgurl,a.fee,a.cardimg,a.sfz1,a.sfz2,a.video,a.openid FROM bingo_car_drivelist a LEFT JOIN bingo_user_list b ON a.openid=b.openid WHERE ( a.status >= 0 ) ORDER BY a.addtime desc LIMIT 0,15   [ RunTime:0.000363s ]
SQL: SELECT COUNT(*) AS tp_count FROM bingo_car_drivelist a LEFT JOIN bingo_user_list b ON a.openid=b.openid WHERE ( a.status >= 0 ) LIMIT 1   [ RunTime:0.000241s ]
NOTIC: [2] urlencode() expects parameter 1 to be string, array given E:\phpStudy\WWW\car\App\Lib\Action\DriveAction.class.php 第 119 行.
INFO: [ view_template ] --START--
INFO: Run LocationTemplate Behavior [ RunTime:0.001100s ]
INFO: [ view_template ] --END-- [ RunTime:0.001159s ]
INFO: [ view_parse ] --START--
NOTIC: [8] Undefined index: type E:\phpStudy\WWW\car\App\Runtime\Cache\d2245d088d6ace51d04a4f8c558b66b3.php 第 186 行.
NOTIC: [8] Undefined index: word E:\phpStudy\WWW\car\App\Runtime\Cache\d2245d088d6ace51d04a4f8c558b66b3.php 第 186 行.
NOTIC: [8] Undefined index: status E:\phpStudy\WWW\car\App\Runtime\Cache\d2245d088d6ace51d04a4f8c558b66b3.php 第 186 行.
NOTIC: [8] Undefined index: status E:\phpStudy\WWW\car\App\Runtime\Cache\d2245d088d6ace51d04a4f8c558b66b3.php 第 356 行.
NOTIC: [8] Undefined index: status E:\phpStudy\WWW\car\App\Runtime\Cache\d2245d088d6ace51d04a4f8c558b66b3.php 第 356 行.
INFO: Run ParseTemplate Behavior [ RunTime:0.023557s ]
INFO: [ view_parse ] --END-- [ RunTime:0.023622s ]
INFO: [ view_filter ] --START--
INFO: Run ContentReplace Behavior [ RunTime:0.000681s ]
INFO: Run TokenBuild Behavior [ RunTime:0.000597s ]
INFO: Run WriteHtmlCache Behavior [ RunTime:0.000490s ]
INFO: Run ShowRuntime Behavior [ RunTime:0.000678s ]
INFO: [ view_filter ] --END-- [ RunTime:0.002600s ]
INFO: [ view_end ] --START--
INFO: Run ShowPageTrace Behavior [ RunTime:0.000825s ]
INFO: [ view_end ] --END-- [ RunTime:0.000881s ]

[ 2017-08-22T19:17:32+08:00 ] 0.0.0.0 /car/Sys-index.html
INFO: [ route_check ] --START--
INFO: Run CheckRoute Behavior [ RunTime:0.001012s ]
INFO: [ route_check ] --END-- [ RunTime:0.001087s ]
INFO: [ app_begin ] --START--
INFO: Run ReadHtmlCache Behavior [ RunTime:0.000660s ]
INFO: [ app_begin ] --END-- [ RunTime:0.000718s ]
SQL: SHOW COLUMNS FROM `bingo_user_list` [ RunTime:0.004072s ]
SQL: SELECT COUNT(*) AS tp_count FROM `bingo_user_list` WHERE (  (`addtime` BETWEEN 1502553600 AND 1502640000 ) ) LIMIT 1   [ RunTime:0.000262s ]
SQL: SELECT COUNT(*) AS tp_count FROM `bingo_user_list` WHERE (  (`addtime` BETWEEN 1502640000 AND 1502726400 ) ) LIMIT 1   [ RunTime:0.000205s ]
SQL: SELECT COUNT(*) AS tp_count FROM `bingo_user_list` WHERE (  (`addtime` BETWEEN 1502726400 AND 1502812800 ) ) LIMIT 1   [ RunTime:0.000211s ]
SQL: SELECT COUNT(*) AS tp_count FROM `bingo_user_list` WHERE (  (`addtime` BETWEEN 1502812800 AND 1502899200 ) ) LIMIT 1   [ RunTime:0.000212s ]
SQL: SELECT COUNT(*) AS tp_count FROM `bingo_user_list` WHERE (  (`addtime` BETWEEN 1502899200 AND 1502985600 ) ) LIMIT 1   [ RunTime:0.000241s ]
SQL: SELECT COUNT(*) AS tp_count FROM `bingo_user_list` WHERE (  (`addtime` BETWEEN 1502985600 AND 1503072000 ) ) LIMIT 1   [ RunTime:0.000219s ]
SQL: SELECT COUNT(*) AS tp_count FROM `bingo_user_list` WHERE (  (`addtime` BETWEEN 1503072000 AND 1503158400 ) ) LIMIT 1   [ RunTime:0.000202s ]
SQL: SELECT COUNT(*) AS tp_count FROM `bingo_user_list` WHERE (  (`addtime` BETWEEN 1503158400 AND 1503244800 ) ) LIMIT 1   [ RunTime:0.000216s ]
SQL: SELECT COUNT(*) AS tp_count FROM `bingo_user_list` WHERE (  (`addtime` BETWEEN 1503244800 AND 1503331200 ) ) LIMIT 1   [ RunTime:0.000210s ]
SQL: SELECT COUNT(*) AS tp_count FROM `bingo_user_list` WHERE (  (`addtime` BETWEEN 1503331200 AND 1503417600 ) ) LIMIT 1   [ RunTime:0.000210s ]
SQL: SHOW COLUMNS FROM `bingo_sys_logs` [ RunTime:0.003471s ]
SQL: SELECT * FROM `bingo_sys_logs` WHERE ( `uid` = 1 ) ORDER BY addtime desc LIMIT 0,10   [ RunTime:0.000672s ]
SQL: SELECT COUNT(*) AS tp_count FROM `bingo_sys_logs` WHERE ( `uid` = 1 ) LIMIT 1   [ RunTime:0.000264s ]
SQL: SELECT COUNT(*) AS tp_count FROM `bingo_user_list` LIMIT 1   [ RunTime:0.000175s ]
SQL: SHOW COLUMNS FROM `bingo_car_drivelist` [ RunTime:0.003811s ]
SQL: SELECT COUNT(*) AS tp_count FROM `bingo_car_drivelist` LIMIT 1   [ RunTime:0.000178s ]
SQL: SHOW COLUMNS FROM `bingo_car_xszlist` [ RunTime:0.003729s ]
SQL: SELECT COUNT(*) AS tp_count FROM `bingo_car_xszlist` LIMIT 1   [ RunTime:0.000187s ]
SQL: SHOW COLUMNS FROM `bingo_car_wtslist` [ RunTime:0.003694s ]
SQL: SELECT COUNT(*) AS tp_count FROM `bingo_car_wtslist` LIMIT 1   [ RunTime:0.000180s ]
INFO: [ view_template ] --START--
INFO: Run LocationTemplate Behavior [ RunTime:0.000940s ]
INFO: [ view_template ] --END-- [ RunTime:0.000999s ]
INFO: [ view_parse ] --START--
INFO: Run ParseTemplate Behavior [ RunTime:0.017001s ]
INFO: [ view_parse ] --END-- [ RunTime:0.017072s ]
INFO: [ view_filter ] --START--
INFO: Run ContentReplace Behavior [ RunTime:0.000698s ]
INFO: Run TokenBuild Behavior [ RunTime:0.000600s ]
INFO: Run WriteHtmlCache Behavior [ RunTime:0.000497s ]
INFO: Run ShowRuntime Behavior [ RunTime:0.000686s ]
INFO: [ view_filter ] --END-- [ RunTime:0.002634s ]
INFO: [ view_end ] --START--
INFO: Run ShowPageTrace Behavior [ RunTime:0.000855s ]
INFO: [ view_end ] --END-- [ RunTime:0.000911s ]

[ 2017-08-22T19:17:40+08:00 ] 192.168.31.171 /car/?m=Mini&a=CountOrder&sessionkey=24b6625e7395d50d
INFO: [ app_begin ] --START--
INFO: Run ReadHtmlCache Behavior [ RunTime:0.000959s ]
INFO: [ app_begin ] --END-- [ RunTime:0.001045s ]
SQL: SHOW COLUMNS FROM `bingo_car_xszlist` [ RunTime:0.004181s ]
SQL: SELECT COUNT(*) AS tp_count FROM `bingo_car_xszlist` WHERE ( `openid` = 'ozFkd0X2wtDeEyBkDoNfk3jTwq9g' ) LIMIT 1   [ RunTime:0.000280s ]
SQL: SHOW COLUMNS FROM `bingo_car_drivelist` [ RunTime:0.003695s ]
SQL: SELECT COUNT(*) AS tp_count FROM `bingo_car_drivelist` WHERE ( `openid` = 'ozFkd0X2wtDeEyBkDoNfk3jTwq9g' ) LIMIT 1   [ RunTime:0.000205s ]
SQL: SHOW COLUMNS FROM `bingo_car_wtslist` [ RunTime:0.003835s ]
SQL: SELECT COUNT(*) AS tp_count FROM `bingo_car_wtslist` WHERE ( `openid` = 'ozFkd0X2wtDeEyBkDoNfk3jTwq9g' ) LIMIT 1   [ RunTime:0.000443s ]
SQL: SHOW COLUMNS FROM `bingo_car_cpzlist` [ RunTime:0.004206s ]
SQL: SELECT COUNT(*) AS tp_count FROM `bingo_car_cpzlist` WHERE ( `openid` = 'ozFkd0X2wtDeEyBkDoNfk3jTwq9g' ) LIMIT 1   [ RunTime:0.000241s ]
SQL: SHOW COLUMNS FROM `bingo_car_mjblist` [ RunTime:0.003799s ]
SQL: SELECT COUNT(*) AS tp_count FROM `bingo_car_mjblist` WHERE ( `openid` = 'ozFkd0X2wtDeEyBkDoNfk3jTwq9g' ) LIMIT 1   [ RunTime:0.000218s ]
SQL: SHOW COLUMNS FROM `bingo_car_greenlist` [ RunTime:0.003695s ]
SQL: SELECT COUNT(*) AS tp_count FROM `bingo_car_greenlist` WHERE ( `openid` = 'ozFkd0X2wtDeEyBkDoNfk3jTwq9g' ) LIMIT 1   [ RunTime:0.000208s ]
SQL: SHOW COLUMNS FROM `bingo_car_checklist` [ RunTime:0.003759s ]
SQL: SELECT COUNT(*) AS tp_count FROM `bingo_car_checklist` WHERE ( `openid` = 'ozFkd0X2wtDeEyBkDoNfk3jTwq9g' ) LIMIT 1   [ RunTime:0.000213s ]

[ 2017-08-22T19:18:13+08:00 ] 0.0.0.0 /car/Sys-index.html
INFO: [ route_check ] --START--
INFO: Run CheckRoute Behavior [ RunTime:0.001203s ]
INFO: [ route_check ] --END-- [ RunTime:0.001293s ]
INFO: [ app_begin ] --START--
INFO: Run ReadHtmlCache Behavior [ RunTime:0.000957s ]
INFO: [ app_begin ] --END-- [ RunTime:0.001041s ]
SQL: SHOW COLUMNS FROM `bingo_user_list` [ RunTime:0.004051s ]
SQL: SELECT COUNT(*) AS tp_count FROM `bingo_user_list` WHERE (  (`addtime` BETWEEN 1502553600 AND 1502640000 ) ) LIMIT 1   [ RunTime:0.000241s ]
SQL: SELECT COUNT(*) AS tp_count FROM `bingo_user_list` WHERE (  (`addtime` BETWEEN 1502640000 AND 1502726400 ) ) LIMIT 1   [ RunTime:0.000193s ]
SQL: SELECT COUNT(*) AS tp_count FROM `bingo_user_list` WHERE (  (`addtime` BETWEEN 1502726400 AND 1502812800 ) ) LIMIT 1   [ RunTime:0.000198s ]
SQL: SELECT COUNT(*) AS tp_count FROM `bingo_user_list` WHERE (  (`addtime` BETWEEN 1502812800 AND 1502899200 ) ) LIMIT 1   [ RunTime:0.000197s ]
SQL: SELECT COUNT(*) AS tp_count FROM `bingo_user_list` WHERE (  (`addtime` BETWEEN 1502899200 AND 1502985600 ) ) LIMIT 1   [ RunTime:0.000198s ]
SQL: SELECT COUNT(*) AS tp_count FROM `bingo_user_list` WHERE (  (`addtime` BETWEEN 1502985600 AND 1503072000 ) ) LIMIT 1   [ RunTime:0.000199s ]
SQL: SELECT COUNT(*) AS tp_count FROM `bingo_user_list` WHERE (  (`addtime` BETWEEN 1503072000 AND 1503158400 ) ) LIMIT 1   [ RunTime:0.000199s ]
SQL: SELECT COUNT(*) AS tp_count FROM `bingo_user_list` WHERE (  (`addtime` BETWEEN 1503158400 AND 1503244800 ) ) LIMIT 1   [ RunTime:0.000270s ]
SQL: SELECT COUNT(*) AS tp_count FROM `bingo_user_list` WHERE (  (`addtime` BETWEEN 1503244800 AND 1503331200 ) ) LIMIT 1   [ RunTime:0.000222s ]
SQL: SELECT COUNT(*) AS tp_count FROM `bingo_user_list` WHERE (  (`addtime` BETWEEN 1503331200 AND 1503417600 ) ) LIMIT 1   [ RunTime:0.000212s ]
SQL: SHOW COLUMNS FROM `bingo_sys_logs` [ RunTime:0.003990s ]
SQL: SELECT * FROM `bingo_sys_logs` WHERE ( `uid` = 1 ) ORDER BY addtime desc LIMIT 0,10   [ RunTime:0.000655s ]
SQL: SELECT COUNT(*) AS tp_count FROM `bingo_sys_logs` WHERE ( `uid` = 1 ) LIMIT 1   [ RunTime:0.000262s ]
SQL: SELECT COUNT(*) AS tp_count FROM `bingo_user_list` LIMIT 1   [ RunTime:0.000174s ]
SQL: SHOW COLUMNS FROM `bingo_car_drivelist` [ RunTime:0.003858s ]
SQL: SELECT COUNT(*) AS tp_count FROM `bingo_car_drivelist` LIMIT 1   [ RunTime:0.000181s ]
SQL: SHOW COLUMNS FROM `bingo_car_xszlist` [ RunTime:0.003735s ]
SQL: SELECT COUNT(*) AS tp_count FROM `bingo_car_xszlist` LIMIT 1   [ RunTime:0.000178s ]
SQL: SHOW COLUMNS FROM `bingo_car_wtslist` [ RunTime:0.003773s ]
SQL: SELECT COUNT(*) AS tp_count FROM `bingo_car_wtslist` LIMIT 1   [ RunTime:0.000319s ]
INFO: [ view_template ] --START--
INFO: Run LocationTemplate Behavior [ RunTime:0.001213s ]
INFO: [ view_template ] --END-- [ RunTime:0.001277s ]
INFO: [ view_parse ] --START--
INFO: Run ParseTemplate Behavior [ RunTime:0.016660s ]
INFO: [ view_parse ] --END-- [ RunTime:0.016741s ]
INFO: [ view_filter ] --START--
INFO: Run ContentReplace Behavior [ RunTime:0.001126s ]
INFO: Run TokenBuild Behavior [ RunTime:0.000808s ]
INFO: Run WriteHtmlCache Behavior [ RunTime:0.000744s ]
INFO: Run ShowRuntime Behavior [ RunTime:0.000897s ]
INFO: [ view_filter ] --END-- [ RunTime:0.003834s ]
INFO: [ view_end ] --START--
INFO: Run ShowPageTrace Behavior [ RunTime:0.001436s ]
INFO: [ view_end ] --END-- [ RunTime:0.001544s ]

[ 2017-08-22T19:18:15+08:00 ] 192.168.31.171 /car/?m=Mini&a=OnLogin&code=0016tHvi0P3tOl1OaCsi0bdJvi06tHvc
INFO: [ app_begin ] --START--
INFO: Run ReadHtmlCache Behavior [ RunTime:0.001075s ]
INFO: [ app_begin ] --END-- [ RunTime:0.001163s ]
SQL: SHOW COLUMNS FROM `bingo_user_list` [ RunTime:0.004283s ]
SQL: SELECT * FROM `bingo_user_list` WHERE ( `openid` = 'ozFkd0X2wtDeEyBkDoNfk3jTwq9g' ) LIMIT 1   [ RunTime:0.000406s ]
SQL: UPDATE `bingo_user_list` SET `headimgurl`='https://wx.qlogo.cn/mmopen/4h0Uv4XOMvOlfvUnxic40mMh68qq0CUHVdLckALa4n2jXNq2tzAQ649ibKl5LYsQkf1dj7VAefKGia1mIMFDQLxtg/0',`nickname`='卢巽',`sex`=1,`city`='',`province`='',`country`='BY' WHERE ( `openid` = 'ozFkd0X2wtDeEyBkDoNfk3jTwq9g' ) [ RunTime:0.000215s ]

[ 2017-08-22T19:18:23+08:00 ] 192.168.31.210 /car/?m=Mini&a=UserInfo&type=2&sessionkey=3efbbacc06739a66
INFO: [ app_begin ] --START--
INFO: Run ReadHtmlCache Behavior [ RunTime:0.000994s ]
INFO: [ app_begin ] --END-- [ RunTime:0.001113s ]
SQL: SHOW COLUMNS FROM `bingo_user_list` [ RunTime:0.004200s ]
SQL: SELECT * FROM `bingo_user_list` LIMIT 1   [ RunTime:0.000691s ]
SQL: SHOW COLUMNS FROM `bingo_car_drivelist` [ RunTime:0.004171s ]
SQL: SELECT * FROM `bingo_car_drivelist` WHERE ( `openid` = 'ozFkd0ZgRAuFKM2uJmQGO8VSYVOQ' ) ORDER BY id desc LIMIT 1   [ RunTime:0.000321s ]

[ 2017-08-22T19:18:29+08:00 ] 192.168.31.171 /car/?m=Mini&a=OnLogin&code=061JRU6u0ruDbe10z07u0E3U6u0JRU6Z
INFO: [ app_begin ] --START--
INFO: Run ReadHtmlCache Behavior [ RunTime:0.000669s ]
INFO: [ app_begin ] --END-- [ RunTime:0.000746s ]
SQL: SHOW COLUMNS FROM `bingo_user_list` [ RunTime:0.004451s ]
SQL: SELECT * FROM `bingo_user_list` WHERE ( `openid` = 'ozFkd0X2wtDeEyBkDoNfk3jTwq9g' ) LIMIT 1   [ RunTime:0.000477s ]
SQL: UPDATE `bingo_user_list` SET `headimgurl`='https://wx.qlogo.cn/mmopen/4h0Uv4XOMvOlfvUnxic40mMh68qq0CUHVdLckALa4n2jXNq2tzAQ649ibKl5LYsQkf1dj7VAefKGia1mIMFDQLxtg/0',`nickname`='卢巽',`sex`=1,`city`='',`province`='',`country`='BY' WHERE ( `openid` = 'ozFkd0X2wtDeEyBkDoNfk3jTwq9g' ) [ RunTime:0.000209s ]

[ 2017-08-22T19:18:40+08:00 ] 192.168.31.171 /car/?m=Mini&a=OnLogin&code=081VmAeS0Ql1na2cEQeS06DDeS0VmAet
INFO: [ app_begin ] --START--
INFO: Run ReadHtmlCache Behavior [ RunTime:0.000660s ]
INFO: [ app_begin ] --END-- [ RunTime:0.000735s ]
SQL: SHOW COLUMNS FROM `bingo_user_list` [ RunTime:0.004027s ]
SQL: SELECT * FROM `bingo_user_list` WHERE ( `openid` = 'ozFkd0X2wtDeEyBkDoNfk3jTwq9g' ) LIMIT 1   [ RunTime:0.000393s ]
SQL: UPDATE `bingo_user_list` SET `headimgurl`='https://wx.qlogo.cn/mmopen/4h0Uv4XOMvOlfvUnxic40mMh68qq0CUHVdLckALa4n2jXNq2tzAQ649ibKl5LYsQkf1dj7VAefKGia1mIMFDQLxtg/0',`nickname`='卢巽',`sex`=1,`city`='',`province`='',`country`='BY' WHERE ( `openid` = 'ozFkd0X2wtDeEyBkDoNfk3jTwq9g' ) [ RunTime:0.000199s ]

[ 2017-08-22T19:18:51+08:00 ] 192.168.31.171 /car/?m=Mini&a=OnLogin&code=061hogPs0e7xNb1O4jRs09f7Ps0hogPh
INFO: [ app_begin ] --START--
INFO: Run ReadHtmlCache Behavior [ RunTime:0.000664s ]
INFO: [ app_begin ] --END-- [ RunTime:0.000738s ]
SQL: SHOW COLUMNS FROM `bingo_user_list` [ RunTime:0.004262s ]
SQL: SELECT * FROM `bingo_user_list` WHERE ( `openid` = 'ozFkd0X2wtDeEyBkDoNfk3jTwq9g' ) LIMIT 1   [ RunTime:0.000402s ]
SQL: UPDATE `bingo_user_list` SET `headimgurl`='https://wx.qlogo.cn/mmopen/4h0Uv4XOMvOlfvUnxic40mMh68qq0CUHVdLckALa4n2jXNq2tzAQ649ibKl5LYsQkf1dj7VAefKGia1mIMFDQLxtg/0',`nickname`='卢巽',`sex`=1,`city`='',`province`='',`country`='BY' WHERE ( `openid` = 'ozFkd0X2wtDeEyBkDoNfk3jTwq9g' ) [ RunTime:0.000202s ]

[ 2017-08-22T19:19:04+08:00 ] 192.168.31.210 /car/?m=Mini&a=UploadFile
INFO: [ app_begin ] --START--
INFO: Run ReadHtmlCache Behavior [ RunTime:0.000802s ]
INFO: [ app_begin ] --END-- [ RunTime:0.000883s ]
NOTIC: [8] Undefined index: thumb E:\phpStudy\WWW\car\App\Lib\Action\CommonAction.class.php 第 576 行.
NOTIC: [8] Undefined index: thumb E:\phpStudy\WWW\car\App\Lib\Action\CommonAction.class.php 第 578 行.
NOTIC: [8] Undefined index: del E:\phpStudy\WWW\car\App\Lib\Action\CommonAction.class.php 第 583 行.

[ 2017-08-22T19:19:07+08:00 ] 192.168.31.210 /car/?m=Mini&a=UploadFile
INFO: [ app_begin ] --START--
INFO: Run ReadHtmlCache Behavior [ RunTime:0.000902s ]
INFO: [ app_begin ] --END-- [ RunTime:0.000981s ]
NOTIC: [8] Undefined index: thumb E:\phpStudy\WWW\car\App\Lib\Action\CommonAction.class.php 第 576 行.
NOTIC: [8] Undefined index: thumb E:\phpStudy\WWW\car\App\Lib\Action\CommonAction.class.php 第 578 行.
NOTIC: [8] Undefined index: del E:\phpStudy\WWW\car\App\Lib\Action\CommonAction.class.php 第 583 行.

[ 2017-08-22T19:19:10+08:00 ] 192.168.31.210 /car/?m=Mini&a=UploadFile
INFO: [ app_begin ] --START--
INFO: Run ReadHtmlCache Behavior [ RunTime:0.001823s ]
INFO: [ app_begin ] --END-- [ RunTime:0.001900s ]
NOTIC: [8] Undefined index: thumb E:\phpStudy\WWW\car\App\Lib\Action\CommonAction.class.php 第 576 行.
NOTIC: [8] Undefined index: thumb E:\phpStudy\WWW\car\App\Lib\Action\CommonAction.class.php 第 578 行.
NOTIC: [8] Undefined index: del E:\phpStudy\WWW\car\App\Lib\Action\CommonAction.class.php 第 583 行.

[ 2017-08-22T19:19:13+08:00 ] 192.168.31.210 /car/?m=Mini&a=UploadFile
INFO: [ app_begin ] --START--
INFO: Run ReadHtmlCache Behavior [ RunTime:0.001474s ]
INFO: [ app_begin ] --END-- [ RunTime:0.001557s ]
NOTIC: [8] Undefined index: thumb E:\phpStudy\WWW\car\App\Lib\Action\CommonAction.class.php 第 576 行.
NOTIC: [8] Undefined index: thumb E:\phpStudy\WWW\car\App\Lib\Action\CommonAction.class.php 第 578 行.
NOTIC: [8] Undefined index: del E:\phpStudy\WWW\car\App\Lib\Action\CommonAction.class.php 第 583 行.

[ 2017-08-22T19:19:17+08:00 ] 192.168.31.210 /car/?m=Drive&a=MakeOrder&sessionkey=3efbbacc06739a66
INFO: [ app_begin ] --START--
INFO: Run ReadHtmlCache Behavior [ RunTime:0.000786s ]
INFO: [ app_begin ] --END-- [ RunTime:0.000885s ]
SQL: SHOW COLUMNS FROM `bingo_car_drivelist` [ RunTime:0.004499s ]
SQL: INSERT INTO `bingo_car_drivelist` (`cphm`,`tel`,`adr`,`name`,`a1`,`a2`,`a3`,`cardimg`,`sfz1`,`sfz2`,`video`,`status`,`addtime`,`orderid`,`cpm`,`openid`,`fee`) VALUES ('豫C45252','15898744569','游乐园','东边的孩子',11,1107,110707,'http://192.168.31.210/car/Public/uploads/images/2017-08-22/599c1328a2f3b.jpg','http://192.168.31.210/car/Public/uploads/images/2017-08-22/599c132b70771.jpg','http://192.168.31.210/car/Public/uploads/images/2017-08-22/599c132e1067d.jpg','http://192.168.31.210/car/Public/uploads/images/2017-08-22/599c1331e6ba7.mp4',1,1503400756,'7b769a1d2e73b2851e0c48dd5e653fd0',2,'ozFkd0ZgRAuFKM2uJmQGO8VSYVOQ','300') [ RunTime:0.000401s ]

[ 2017-08-22T19:19:19+08:00 ] 192.168.31.210 /car/?m=Drive&a=orderinfo&id=66&sessionkey=3efbbacc06739a66
INFO: [ app_begin ] --START--
INFO: Run ReadHtmlCache Behavior [ RunTime:0.000787s ]
INFO: [ app_begin ] --END-- [ RunTime:0.000884s ]
SQL: SHOW COLUMNS FROM `bingo_car_drivelist` [ RunTime:0.004111s ]
SQL: SELECT * FROM `bingo_car_drivelist` WHERE ( `id` = 66 ) LIMIT 1   [ RunTime:0.000430s ]
SQL: SHOW COLUMNS FROM `bingo_sys_location` [ RunTime:0.043869s ]
SQL: SELECT `name` FROM `bingo_sys_location` WHERE ( `id` = 11 ) LIMIT 1   [ RunTime:0.050764s ]
SQL: SELECT `name` FROM `bingo_sys_location` WHERE ( `id` = 1107 ) LIMIT 1   [ RunTime:0.000277s ]
SQL: SELECT `name` FROM `bingo_sys_location` WHERE ( `id` = 110707 ) LIMIT 1   [ RunTime:0.032407s ]

[ 2017-08-22T19:19:23+08:00 ] 0.0.0.0 /car/Sys-index.html
INFO: [ route_check ] --START--
INFO: Run CheckRoute Behavior [ RunTime:0.001791s ]
INFO: [ route_check ] --END-- [ RunTime:0.001882s ]
INFO: [ app_begin ] --START--
INFO: Run ReadHtmlCache Behavior [ RunTime:0.001223s ]
INFO: [ app_begin ] --END-- [ RunTime:0.001283s ]
SQL: SHOW COLUMNS FROM `bingo_user_list` [ RunTime:0.004358s ]
SQL: SELECT COUNT(*) AS tp_count FROM `bingo_user_list` WHERE (  (`addtime` BETWEEN 1502553600 AND 1502640000 ) ) LIMIT 1   [ RunTime:0.000335s ]
SQL: SELECT COUNT(*) AS tp_count FROM `bingo_user_list` WHERE (  (`addtime` BETWEEN 1502640000 AND 1502726400 ) ) LIMIT 1   [ RunTime:0.000202s ]
SQL: SELECT COUNT(*) AS tp_count FROM `bingo_user_list` WHERE (  (`addtime` BETWEEN 1502726400 AND 1502812800 ) ) LIMIT 1   [ RunTime:0.000205s ]
SQL: SELECT COUNT(*) AS tp_count FROM `bingo_user_list` WHERE (  (`addtime` BETWEEN 1502812800 AND 1502899200 ) ) LIMIT 1   [ RunTime:0.000197s ]
SQL: SELECT COUNT(*) AS tp_count FROM `bingo_user_list` WHERE (  (`addtime` BETWEEN 1502899200 AND 1502985600 ) ) LIMIT 1   [ RunTime:0.000198s ]
SQL: SELECT COUNT(*) AS tp_count FROM `bingo_user_list` WHERE (  (`addtime` BETWEEN 1502985600 AND 1503072000 ) ) LIMIT 1   [ RunTime:0.000201s ]
SQL: SELECT COUNT(*) AS tp_count FROM `bingo_user_list` WHERE (  (`addtime` BETWEEN 1503072000 AND 1503158400 ) ) LIMIT 1   [ RunTime:0.000191s ]
SQL: SELECT COUNT(*) AS tp_count FROM `bingo_user_list` WHERE (  (`addtime` BETWEEN 1503158400 AND 1503244800 ) ) LIMIT 1   [ RunTime:0.000198s ]
SQL: SELECT COUNT(*) AS tp_count FROM `bingo_user_list` WHERE (  (`addtime` BETWEEN 1503244800 AND 1503331200 ) ) LIMIT 1   [ RunTime:0.000198s ]
SQL: SELECT COUNT(*) AS tp_count FROM `bingo_user_list` WHERE (  (`addtime` BETWEEN 1503331200 AND 1503417600 ) ) LIMIT 1   [ RunTime:0.000241s ]
SQL: SHOW COLUMNS FROM `bingo_sys_logs` [ RunTime:0.003464s ]
SQL: SELECT * FROM `bingo_sys_logs` WHERE ( `uid` = 1 ) ORDER BY addtime desc LIMIT 0,10   [ RunTime:0.000804s ]
SQL: SELECT COUNT(*) AS tp_count FROM `bingo_sys_logs` WHERE ( `uid` = 1 ) LIMIT 1   [ RunTime:0.000413s ]
SQL: SELECT COUNT(*) AS tp_count FROM `bingo_user_list` LIMIT 1   [ RunTime:0.000278s ]
SQL: SHOW COLUMNS FROM `bingo_car_drivelist` [ RunTime:0.004510s ]
SQL: SELECT COUNT(*) AS tp_count FROM `bingo_car_drivelist` LIMIT 1   [ RunTime:0.000243s ]
SQL: SHOW COLUMNS FROM `bingo_car_xszlist` [ RunTime:0.003798s ]
SQL: SELECT COUNT(*) AS tp_count FROM `bingo_car_xszlist` LIMIT 1   [ RunTime:0.000195s ]
SQL: SHOW COLUMNS FROM `bingo_car_wtslist` [ RunTime:0.003835s ]
SQL: SELECT COUNT(*) AS tp_count FROM `bingo_car_wtslist` LIMIT 1   [ RunTime:0.000164s ]
INFO: [ view_template ] --START--
INFO: Run LocationTemplate Behavior [ RunTime:0.001932s ]
INFO: [ view_template ] --END-- [ RunTime:0.001995s ]
INFO: [ view_parse ] --START--
INFO: Run ParseTemplate Behavior [ RunTime:0.020449s ]
INFO: [ view_parse ] --END-- [ RunTime:0.020528s ]
INFO: [ view_filter ] --START--
INFO: Run ContentReplace Behavior [ RunTime:0.001338s ]
INFO: Run TokenBuild Behavior [ RunTime:0.001161s ]
INFO: Run WriteHtmlCache Behavior [ RunTime:0.000948s ]
INFO: Run ShowRuntime Behavior [ RunTime:0.001143s ]
INFO: [ view_filter ] --END-- [ RunTime:0.004763s ]
INFO: [ view_end ] --START--
INFO: Run ShowPageTrace Behavior [ RunTime:0.001324s ]
INFO: [ view_end ] --END-- [ RunTime:0.001381s ]

[ 2017-08-22T19:19:31+08:00 ] 0.0.0.0 /car/Drive-orderlist.html
INFO: [ route_check ] --START--
INFO: Run CheckRoute Behavior [ RunTime:0.002288s ]
INFO: [ route_check ] --END-- [ RunTime:0.002369s ]
INFO: [ app_begin ] --START--
INFO: Run ReadHtmlCache Behavior [ RunTime:0.002014s ]
INFO: [ app_begin ] --END-- [ RunTime:0.002074s ]
SQL: SHOW COLUMNS FROM `bingo_car_drivelist` [ RunTime:0.004398s ]
SQL: SELECT a.id,b.nickname,a.name,a.tel,a.adr,a.cphm,a.status,a.addtime,a.paytime,b.headimgurl,a.fee,a.cardimg,a.sfz1,a.sfz2,a.video,a.openid FROM bingo_car_drivelist a LEFT JOIN bingo_user_list b ON a.openid=b.openid WHERE ( a.status >= 0 ) ORDER BY a.addtime desc LIMIT 0,15   [ RunTime:0.000528s ]
SQL: SELECT COUNT(*) AS tp_count FROM bingo_car_drivelist a LEFT JOIN bingo_user_list b ON a.openid=b.openid WHERE ( a.status >= 0 ) LIMIT 1   [ RunTime:0.000229s ]
NOTIC: [2] urlencode() expects parameter 1 to be string, array given E:\phpStudy\WWW\car\App\Lib\Action\DriveAction.class.php 第 119 行.
INFO: [ view_template ] --START--
INFO: Run LocationTemplate Behavior [ RunTime:0.002123s ]
INFO: [ view_template ] --END-- [ RunTime:0.002183s ]
INFO: [ view_parse ] --START--
NOTIC: [8] Undefined index: type E:\phpStudy\WWW\car\App\Runtime\Cache\d2245d088d6ace51d04a4f8c558b66b3.php 第 186 行.
NOTIC: [8] Undefined index: word E:\phpStudy\WWW\car\App\Runtime\Cache\d2245d088d6ace51d04a4f8c558b66b3.php 第 186 行.
NOTIC: [8] Undefined index: status E:\phpStudy\WWW\car\App\Runtime\Cache\d2245d088d6ace51d04a4f8c558b66b3.php 第 186 行.
NOTIC: [8] Undefined index: status E:\phpStudy\WWW\car\App\Runtime\Cache\d2245d088d6ace51d04a4f8c558b66b3.php 第 356 行.
NOTIC: [8] Undefined index: status E:\phpStudy\WWW\car\App\Runtime\Cache\d2245d088d6ace51d04a4f8c558b66b3.php 第 356 行.
INFO: Run ParseTemplate Behavior [ RunTime:0.026879s ]
INFO: [ view_parse ] --END-- [ RunTime:0.026942s ]
INFO: [ view_filter ] --START--
INFO: Run ContentReplace Behavior [ RunTime:0.001370s ]
INFO: Run TokenBuild Behavior [ RunTime:0.001148s ]
INFO: Run WriteHtmlCache Behavior [ RunTime:0.000988s ]
INFO: Run ShowRuntime Behavior [ RunTime:0.001176s ]
INFO: [ view_filter ] --END-- [ RunTime:0.004835s ]
INFO: [ view_end ] --START--
INFO: Run ShowPageTrace Behavior [ RunTime:0.001344s ]
INFO: [ view_end ] --END-- [ RunTime:0.001402s ]

[ 2017-08-22T19:19:36+08:00 ] 0.0.0.0 /car/User-userlist.html?openid=ozFkd0ZgRAuFKM2uJmQGO8VSYVOQ
INFO: [ route_check ] --START--
INFO: Run CheckRoute Behavior [ RunTime:0.001496s ]
INFO: [ route_check ] --END-- [ RunTime:0.001577s ]
INFO: [ app_begin ] --START--
INFO: Run ReadHtmlCache Behavior [ RunTime:0.001245s ]
INFO: [ app_begin ] --END-- [ RunTime:0.001304s ]
SQL: SHOW COLUMNS FROM `bingo_user_list` [ RunTime:0.004144s ]
SQL: SELECT * FROM `bingo_user_list` WHERE ( `status` >= 0 ) AND ( `type` >= 0 ) AND ( `openid` = 'ozFkd0ZgRAuFKM2uJmQGO8VSYVOQ' ) ORDER BY type desc,addtime desc LIMIT 0,15   [ RunTime:0.000446s ]
SQL: SELECT COUNT(*) AS tp_count FROM `bingo_user_list` WHERE ( `status` >= 0 ) AND ( `type` >= 0 ) AND ( `openid` = 'ozFkd0ZgRAuFKM2uJmQGO8VSYVOQ' ) LIMIT 1   [ RunTime:0.000447s ]
NOTIC: [2] urlencode() expects parameter 1 to be string, array given E:\phpStudy\WWW\car\App\Lib\Action\UserAction.class.php 第 39 行.
NOTIC: [2] urlencode() expects parameter 1 to be string, array given E:\phpStudy\WWW\car\App\Lib\Action\UserAction.class.php 第 39 行.
INFO: [ view_template ] --START--
INFO: Run LocationTemplate Behavior [ RunTime:0.001943s ]
INFO: [ view_template ] --END-- [ RunTime:0.002005s ]
INFO: [ view_parse ] --START--
NOTIC: [8] Undefined index: type E:\phpStudy\WWW\car\App\Runtime\Cache\2044b99f2fef8a019cb31e215b6844e5.php 第 185 行.
NOTIC: [8] Undefined index: word E:\phpStudy\WWW\car\App\Runtime\Cache\2044b99f2fef8a019cb31e215b6844e5.php 第 185 行.
NOTIC: [8] Undefined index: type E:\phpStudy\WWW\car\App\Runtime\Cache\2044b99f2fef8a019cb31e215b6844e5.php 第 280 行.
INFO: Run ParseTemplate Behavior [ RunTime:0.041235s ]
INFO: [ view_parse ] --END-- [ RunTime:0.041302s ]
INFO: [ view_filter ] --START--
INFO: Run ContentReplace Behavior [ RunTime:0.001214s ]
INFO: Run TokenBuild Behavior [ RunTime:0.001070s ]
INFO: Run WriteHtmlCache Behavior [ RunTime:0.000963s ]
INFO: Run ShowRuntime Behavior [ RunTime:0.001149s ]
INFO: [ view_filter ] --END-- [ RunTime:0.004549s ]
INFO: [ view_end ] --START--
INFO: Run ShowPageTrace Behavior [ RunTime:0.001298s ]
INFO: [ view_end ] --END-- [ RunTime:0.001355s ]

[ 2017-08-22T19:20:44+08:00 ] 0.0.0.0 /car/Drive-orderlist.html
INFO: [ route_check ] --START--
INFO: Run CheckRoute Behavior [ RunTime:0.001193s ]
INFO: [ route_check ] --END-- [ RunTime:0.001280s ]
INFO: [ app_begin ] --START--
INFO: Run ReadHtmlCache Behavior [ RunTime:0.000764s ]
INFO: [ app_begin ] --END-- [ RunTime:0.000823s ]
SQL: SHOW COLUMNS FROM `bingo_car_drivelist` [ RunTime:0.004164s ]
SQL: SELECT a.id,b.nickname,a.name,a.tel,a.adr,a.cphm,a.status,a.addtime,a.paytime,b.headimgurl,a.fee,a.cardimg,a.sfz1,a.sfz2,a.video,a.openid FROM bingo_car_drivelist a LEFT JOIN bingo_user_list b ON a.openid=b.openid WHERE ( a.status >= 0 ) ORDER BY a.addtime desc LIMIT 0,15   [ RunTime:0.000457s ]
SQL: SELECT COUNT(*) AS tp_count FROM bingo_car_drivelist a LEFT JOIN bingo_user_list b ON a.openid=b.openid WHERE ( a.status >= 0 ) LIMIT 1   [ RunTime:0.000243s ]
NOTIC: [2] urlencode() expects parameter 1 to be string, array given E:\phpStudy\WWW\car\App\Lib\Action\DriveAction.class.php 第 119 行.
INFO: [ view_template ] --START--
INFO: Run LocationTemplate Behavior [ RunTime:0.001128s ]
INFO: [ view_template ] --END-- [ RunTime:0.001187s ]
INFO: [ view_parse ] --START--
NOTIC: [8] Undefined index: type E:\phpStudy\WWW\car\App\Runtime\Cache\d2245d088d6ace51d04a4f8c558b66b3.php 第 186 行.
NOTIC: [8] Undefined index: word E:\phpStudy\WWW\car\App\Runtime\Cache\d2245d088d6ace51d04a4f8c558b66b3.php 第 186 行.
NOTIC: [8] Undefined index: status E:\phpStudy\WWW\car\App\Runtime\Cache\d2245d088d6ace51d04a4f8c558b66b3.php 第 186 行.
NOTIC: [8] Undefined index: status E:\phpStudy\WWW\car\App\Runtime\Cache\d2245d088d6ace51d04a4f8c558b66b3.php 第 356 行.
NOTIC: [8] Undefined index: status E:\phpStudy\WWW\car\App\Runtime\Cache\d2245d088d6ace51d04a4f8c558b66b3.php 第 356 行.
INFO: Run ParseTemplate Behavior [ RunTime:0.022714s ]
INFO: [ view_parse ] --END-- [ RunTime:0.022786s ]
INFO: [ view_filter ] --START--
INFO: Run ContentReplace Behavior [ RunTime:0.000730s ]
INFO: Run TokenBuild Behavior [ RunTime:0.000598s ]
INFO: Run WriteHtmlCache Behavior [ RunTime:0.000493s ]
INFO: Run ShowRuntime Behavior [ RunTime:0.000687s ]
INFO: [ view_filter ] --END-- [ RunTime:0.002660s ]
INFO: [ view_end ] --START--
INFO: Run ShowPageTrace Behavior [ RunTime:0.000824s ]
INFO: [ view_end ] --END-- [ RunTime:0.000885s ]

[ 2017-08-22T19:20:49+08:00 ] 0.0.0.0 /car/Drive-orderlist.html
INFO: [ route_check ] --START--
INFO: Run CheckRoute Behavior [ RunTime:0.001481s ]
INFO: [ route_check ] --END-- [ RunTime:0.001646s ]
INFO: [ app_begin ] --START--
INFO: Run ReadHtmlCache Behavior [ RunTime:0.001096s ]
INFO: [ app_begin ] --END-- [ RunTime:0.001174s ]
SQL: SHOW COLUMNS FROM `bingo_car_drivelist` [ RunTime:0.004033s ]
SQL: SELECT * FROM `bingo_car_drivelist` WHERE ( `id` = 66 ) LIMIT 1   [ RunTime:0.000401s ]
SQL: SELECT * FROM `bingo_car_drivelist` WHERE ( `id` = 66 ) LIMIT 1   [ RunTime:0.000276s ]
SQL: UPDATE `bingo_car_drivelist` SET `status`=0,`donetime`=1503400848 WHERE ( `id` = 66 ) [ RunTime:0.000261s ]

[ 2017-08-22T19:20:50+08:00 ] 0.0.0.0 /car/Drive-orderlist.html
INFO: [ route_check ] --START--
INFO: Run CheckRoute Behavior [ RunTime:0.000922s ]
INFO: [ route_check ] --END-- [ RunTime:0.001002s ]
INFO: [ app_begin ] --START--
INFO: Run ReadHtmlCache Behavior [ RunTime:0.000657s ]
INFO: [ app_begin ] --END-- [ RunTime:0.000714s ]
SQL: SHOW COLUMNS FROM `bingo_car_drivelist` [ RunTime:0.004226s ]
SQL: SELECT a.id,b.nickname,a.name,a.tel,a.adr,a.cphm,a.status,a.addtime,a.paytime,b.headimgurl,a.fee,a.cardimg,a.sfz1,a.sfz2,a.video,a.openid FROM bingo_car_drivelist a LEFT JOIN bingo_user_list b ON a.openid=b.openid WHERE ( a.status >= 0 ) ORDER BY a.addtime desc LIMIT 0,15   [ RunTime:0.000424s ]
SQL: SELECT COUNT(*) AS tp_count FROM bingo_car_drivelist a LEFT JOIN bingo_user_list b ON a.openid=b.openid WHERE ( a.status >= 0 ) LIMIT 1   [ RunTime:0.000241s ]
NOTIC: [2] urlencode() expects parameter 1 to be string, array given E:\phpStudy\WWW\car\App\Lib\Action\DriveAction.class.php 第 119 行.
INFO: [ view_template ] --START--
INFO: Run LocationTemplate Behavior [ RunTime:0.000722s ]
INFO: [ view_template ] --END-- [ RunTime:0.000781s ]
INFO: [ view_parse ] --START--
NOTIC: [8] Undefined index: type E:\phpStudy\WWW\car\App\Runtime\Cache\d2245d088d6ace51d04a4f8c558b66b3.php 第 186 行.
NOTIC: [8] Undefined index: word E:\phpStudy\WWW\car\App\Runtime\Cache\d2245d088d6ace51d04a4f8c558b66b3.php 第 186 行.
NOTIC: [8] Undefined index: status E:\phpStudy\WWW\car\App\Runtime\Cache\d2245d088d6ace51d04a4f8c558b66b3.php 第 186 行.
NOTIC: [8] Undefined index: status E:\phpStudy\WWW\car\App\Runtime\Cache\d2245d088d6ace51d04a4f8c558b66b3.php 第 356 行.
NOTIC: [8] Undefined index: status E:\phpStudy\WWW\car\App\Runtime\Cache\d2245d088d6ace51d04a4f8c558b66b3.php 第 356 行.
INFO: Run ParseTemplate Behavior [ RunTime:0.021129s ]
INFO: [ view_parse ] --END-- [ RunTime:0.021186s ]
INFO: [ view_filter ] --START--
INFO: Run ContentReplace Behavior [ RunTime:0.000551s ]
INFO: Run TokenBuild Behavior [ RunTime:0.000496s ]
INFO: Run WriteHtmlCache Behavior [ RunTime:0.000394s ]
INFO: Run ShowRuntime Behavior [ RunTime:0.000651s ]
INFO: [ view_filter ] --END-- [ RunTime:0.002245s ]
INFO: [ view_end ] --START--
INFO: Run ShowPageTrace Behavior [ RunTime:0.000741s ]
INFO: [ view_end ] --END-- [ RunTime:0.000806s ]

[ 2017-08-22T19:20:55+08:00 ] 192.168.31.210 /car/?m=Drive&a=UserCancel&id=66&sessionkey=3efbbacc06739a66
INFO: [ app_begin ] --START--
INFO: Run ReadHtmlCache Behavior [ RunTime:0.001449s ]
INFO: [ app_begin ] --END-- [ RunTime:0.001563s ]
SQL: SHOW COLUMNS FROM `bingo_car_drivelist` [ RunTime:0.004076s ]
SQL: SELECT * FROM `bingo_car_drivelist` WHERE ( `id` = 66 ) AND ( `openid` = 'ozFkd0ZgRAuFKM2uJmQGO8VSYVOQ' ) LIMIT 1   [ RunTime:0.000406s ]
SQL: SELECT * FROM `bingo_car_drivelist` WHERE ( `id` = 66 ) LIMIT 1   [ RunTime:0.000278s ]
SQL: UPDATE `bingo_car_drivelist` SET `status`=0,`donetime`=1503400854 WHERE ( `id` = 66 ) [ RunTime:0.000238s ]

[ 2017-08-22T19:21:02+08:00 ] 192.168.31.210 /car/?m=Mini&a=CountOrder&sessionkey=3efbbacc06739a66
INFO: [ app_begin ] --START--
INFO: Run ReadHtmlCache Behavior [ RunTime:0.000759s ]
INFO: [ app_begin ] --END-- [ RunTime:0.000854s ]
SQL: SHOW COLUMNS FROM `bingo_car_xszlist` [ RunTime:0.004045s ]
SQL: SELECT COUNT(*) AS tp_count FROM `bingo_car_xszlist` WHERE ( `openid` = 'ozFkd0ZgRAuFKM2uJmQGO8VSYVOQ' ) LIMIT 1   [ RunTime:0.000254s ]
SQL: SHOW COLUMNS FROM `bingo_car_drivelist` [ RunTime:0.003697s ]
SQL: SELECT COUNT(*) AS tp_count FROM `bingo_car_drivelist` WHERE ( `openid` = 'ozFkd0ZgRAuFKM2uJmQGO8VSYVOQ' ) LIMIT 1   [ RunTime:0.000215s ]
SQL: SHOW COLUMNS FROM `bingo_car_wtslist` [ RunTime:0.003663s ]
SQL: SELECT COUNT(*) AS tp_count FROM `bingo_car_wtslist` WHERE ( `openid` = 'ozFkd0ZgRAuFKM2uJmQGO8VSYVOQ' ) LIMIT 1   [ RunTime:0.000201s ]
SQL: SHOW COLUMNS FROM `bingo_car_cpzlist` [ RunTime:0.003651s ]
SQL: SELECT COUNT(*) AS tp_count FROM `bingo_car_cpzlist` WHERE ( `openid` = 'ozFkd0ZgRAuFKM2uJmQGO8VSYVOQ' ) LIMIT 1   [ RunTime:0.000217s ]
SQL: SHOW COLUMNS FROM `bingo_car_mjblist` [ RunTime:0.003646s ]
SQL: SELECT COUNT(*) AS tp_count FROM `bingo_car_mjblist` WHERE ( `openid` = 'ozFkd0ZgRAuFKM2uJmQGO8VSYVOQ' ) LIMIT 1   [ RunTime:0.000198s ]
SQL: SHOW COLUMNS FROM `bingo_car_greenlist` [ RunTime:0.003664s ]
SQL: SELECT COUNT(*) AS tp_count FROM `bingo_car_greenlist` WHERE ( `openid` = 'ozFkd0ZgRAuFKM2uJmQGO8VSYVOQ' ) LIMIT 1   [ RunTime:0.000207s ]
SQL: SHOW COLUMNS FROM `bingo_car_checklist` [ RunTime:0.004381s ]
SQL: SELECT COUNT(*) AS tp_count FROM `bingo_car_checklist` WHERE ( `openid` = 'ozFkd0ZgRAuFKM2uJmQGO8VSYVOQ' ) LIMIT 1   [ RunTime:0.000312s ]

[ 2017-08-22T19:21:05+08:00 ] 192.168.31.210 /car/?m=Drive&a=myorder&status=&sessionkey=3efbbacc06739a66&p=1
INFO: [ app_begin ] --START--
INFO: Run ReadHtmlCache Behavior [ RunTime:0.000765s ]
INFO: [ app_begin ] --END-- [ RunTime:0.000860s ]
NOTIC: [8] Undefined variable: map E:\phpStudy\WWW\car\App\Lib\Action\DriveAction.class.php 第 32 行.
SQL: SHOW COLUMNS FROM `bingo_car_drivelist` [ RunTime:0.004173s ]
SQL: SELECT * FROM `bingo_car_drivelist` WHERE ( `openid` = 'ozFkd0ZgRAuFKM2uJmQGO8VSYVOQ' ) AND ( `status` >= 0 ) LIMIT 0,6   [ RunTime:0.000424s ]

[ 2017-08-22T19:21:05+08:00 ] 192.168.31.210 /car/?m=Drive&a=myorder&status=1&sessionkey=3efbbacc06739a66&p=1
INFO: [ app_begin ] --START--
INFO: Run ReadHtmlCache Behavior [ RunTime:0.001687s ]
INFO: [ app_begin ] --END-- [ RunTime:0.001837s ]
NOTIC: [8] Undefined variable: map E:\phpStudy\WWW\car\App\Lib\Action\DriveAction.class.php 第 32 行.
SQL: SHOW COLUMNS FROM `bingo_car_drivelist` [ RunTime:0.004891s ]
SQL: SELECT * FROM `bingo_car_drivelist` WHERE ( `openid` = 'ozFkd0ZgRAuFKM2uJmQGO8VSYVOQ' ) AND ( `status` = 1 ) LIMIT 0,6   [ RunTime:0.000589s ]

[ 2017-08-22T19:21:05+08:00 ] 192.168.31.210 /car/?m=Drive&a=myorder&status=2&sessionkey=3efbbacc06739a66&p=1
INFO: [ app_begin ] --START--
INFO: Run ReadHtmlCache Behavior [ RunTime:0.003630s ]
INFO: [ app_begin ] --END-- [ RunTime:0.003751s ]
NOTIC: [8] Undefined variable: map E:\phpStudy\WWW\car\App\Lib\Action\DriveAction.class.php 第 32 行.
SQL: SHOW COLUMNS FROM `bingo_car_drivelist` [ RunTime:0.004491s ]
SQL: SELECT * FROM `bingo_car_drivelist` WHERE ( `openid` = 'ozFkd0ZgRAuFKM2uJmQGO8VSYVOQ' ) AND ( `status` = 2 ) LIMIT 0,6   [ RunTime:0.000409s ]

[ 2017-08-22T19:21:08+08:00 ] 192.168.31.210 /car/?m=Drive&a=orderinfo&id=66&sessionkey=3efbbacc06739a66
INFO: [ app_begin ] --START--
INFO: Run ReadHtmlCache Behavior [ RunTime:0.000677s ]
INFO: [ app_begin ] --END-- [ RunTime:0.000760s ]
SQL: SHOW COLUMNS FROM `bingo_car_drivelist` [ RunTime:0.004285s ]
SQL: SELECT * FROM `bingo_car_drivelist` WHERE ( `id` = 66 ) LIMIT 1   [ RunTime:0.000451s ]
SQL: SHOW COLUMNS FROM `bingo_sys_location` [ RunTime:0.003508s ]
SQL: SELECT `name` FROM `bingo_sys_location` WHERE ( `id` = 11 ) LIMIT 1   [ RunTime:0.000231s ]
SQL: SELECT `name` FROM `bingo_sys_location` WHERE ( `id` = 1107 ) LIMIT 1   [ RunTime:0.000195s ]
SQL: SELECT `name` FROM `bingo_sys_location` WHERE ( `id` = 110707 ) LIMIT 1   [ RunTime:0.000207s ]

[ 2017-08-22T19:21:10+08:00 ] 192.168.31.129 /car/?m=Mini&a=OnLogin&code=061rlL1f2kMmNE0a091f2cGD1f2rlL1K
INFO: [ app_begin ] --START--
INFO: Run ReadHtmlCache Behavior [ RunTime:0.001180s ]
INFO: [ app_begin ] --END-- [ RunTime:0.001278s ]
SQL: SHOW COLUMNS FROM `bingo_user_list` [ RunTime:0.004023s ]
SQL: SELECT * FROM `bingo_user_list` WHERE ( `openid` = 'ozFkd0X2wtDeEyBkDoNfk3jTwq9g' ) LIMIT 1   [ RunTime:0.000381s ]
SQL: UPDATE `bingo_user_list` SET `headimgurl`='https://wx.qlogo.cn/mmopen/4h0Uv4XOMvOlfvUnxic40mMh68qq0CUHVdLckALa4n2jXNq2tzAQ649ibKl5LYsQkf1dj7VAefKGia1mIMFDQLxtg/0',`nickname`='卢巽',`sex`=1,`city`='',`province`='',`country`='BY' WHERE ( `openid` = 'ozFkd0X2wtDeEyBkDoNfk3jTwq9g' ) [ RunTime:0.000199s ]

[ 2017-08-22T19:21:11+08:00 ] 192.168.31.210 /car/?m=Drive&a=myorder&status=&sessionkey=3efbbacc06739a66&p=1
INFO: [ app_begin ] --START--
INFO: Run ReadHtmlCache Behavior [ RunTime:0.000974s ]
INFO: [ app_begin ] --END-- [ RunTime:0.001067s ]
NOTIC: [8] Undefined variable: map E:\phpStudy\WWW\car\App\Lib\Action\DriveAction.class.php 第 32 行.
SQL: SHOW COLUMNS FROM `bingo_car_drivelist` [ RunTime:0.004090s ]
SQL: SELECT * FROM `bingo_car_drivelist` WHERE ( `openid` = 'ozFkd0ZgRAuFKM2uJmQGO8VSYVOQ' ) AND ( `status` >= 0 ) LIMIT 0,6   [ RunTime:0.000517s ]

[ 2017-08-22T19:21:11+08:00 ] 192.168.31.210 /car/?m=Drive&a=myorder&status=2&sessionkey=3efbbacc06739a66&p=1
INFO: [ app_begin ] --START--
INFO: Run ReadHtmlCache Behavior [ RunTime:0.001224s ]
INFO: [ app_begin ] --END-- [ RunTime:0.001555s ]
NOTIC: [8] Undefined variable: map E:\phpStudy\WWW\car\App\Lib\Action\DriveAction.class.php 第 32 行.
SQL: SHOW COLUMNS FROM `bingo_car_drivelist` [ RunTime:0.005173s ]
SQL: SELECT * FROM `bingo_car_drivelist` WHERE ( `openid` = 'ozFkd0ZgRAuFKM2uJmQGO8VSYVOQ' ) AND ( `status` = 2 ) LIMIT 0,6   [ RunTime:0.000747s ]

[ 2017-08-22T19:21:11+08:00 ] 192.168.31.210 /car/?m=Drive&a=myorder&status=1&sessionkey=3efbbacc06739a66&p=1
INFO: [ app_begin ] --START--
INFO: Run ReadHtmlCache Behavior [ RunTime:0.000680s ]
INFO: [ app_begin ] --END-- [ RunTime:0.000764s ]
NOTIC: [8] Undefined variable: map E:\phpStudy\WWW\car\App\Lib\Action\DriveAction.class.php 第 32 行.
SQL: SHOW COLUMNS FROM `bingo_car_drivelist` [ RunTime:0.005290s ]
SQL: SELECT * FROM `bingo_car_drivelist` WHERE ( `openid` = 'ozFkd0ZgRAuFKM2uJmQGO8VSYVOQ' ) AND ( `status` = 1 ) LIMIT 0,6   [ RunTime:0.000549s ]

[ 2017-08-22T19:21:12+08:00 ] 192.168.31.129 /car/?m=Mini&a=CountOrder&sessionkey=829a8f88f0cfaa5b
INFO: [ app_begin ] --START--
INFO: Run ReadHtmlCache Behavior [ RunTime:0.001271s ]
INFO: [ app_begin ] --END-- [ RunTime:0.001361s ]
SQL: SHOW COLUMNS FROM `bingo_car_xszlist` [ RunTime:0.003952s ]
SQL: SELECT COUNT(*) AS tp_count FROM `bingo_car_xszlist` WHERE ( `openid` = 'ozFkd0X2wtDeEyBkDoNfk3jTwq9g' ) LIMIT 1   [ RunTime:0.000245s ]
SQL: SHOW COLUMNS FROM `bingo_car_drivelist` [ RunTime:0.003644s ]
SQL: SELECT COUNT(*) AS tp_count FROM `bingo_car_drivelist` WHERE ( `openid` = 'ozFkd0X2wtDeEyBkDoNfk3jTwq9g' ) LIMIT 1   [ RunTime:0.000199s ]
SQL: SHOW COLUMNS FROM `bingo_car_wtslist` [ RunTime:0.003751s ]
SQL: SELECT COUNT(*) AS tp_count FROM `bingo_car_wtslist` WHERE ( `openid` = 'ozFkd0X2wtDeEyBkDoNfk3jTwq9g' ) LIMIT 1   [ RunTime:0.000189s ]
SQL: SHOW COLUMNS FROM `bingo_car_cpzlist` [ RunTime:0.003680s ]
SQL: SELECT COUNT(*) AS tp_count FROM `bingo_car_cpzlist` WHERE ( `openid` = 'ozFkd0X2wtDeEyBkDoNfk3jTwq9g' ) LIMIT 1   [ RunTime:0.000205s ]
SQL: SHOW COLUMNS FROM `bingo_car_mjblist` [ RunTime:0.003627s ]
SQL: SELECT COUNT(*) AS tp_count FROM `bingo_car_mjblist` WHERE ( `openid` = 'ozFkd0X2wtDeEyBkDoNfk3jTwq9g' ) LIMIT 1   [ RunTime:0.000186s ]
SQL: SHOW COLUMNS FROM `bingo_car_greenlist` [ RunTime:0.003612s ]
SQL: SELECT COUNT(*) AS tp_count FROM `bingo_car_greenlist` WHERE ( `openid` = 'ozFkd0X2wtDeEyBkDoNfk3jTwq9g' ) LIMIT 1   [ RunTime:0.000195s ]
SQL: SHOW COLUMNS FROM `bingo_car_checklist` [ RunTime:0.004007s ]
SQL: SELECT COUNT(*) AS tp_count FROM `bingo_car_checklist` WHERE ( `openid` = 'ozFkd0X2wtDeEyBkDoNfk3jTwq9g' ) LIMIT 1   [ RunTime:0.000233s ]

[ 2017-08-22T19:21:14+08:00 ] 192.168.31.129 /car/?m=Travel&a=myorder&status=&sessionkey=829a8f88f0cfaa5b&p=1
INFO: [ app_begin ] --START--
INFO: Run ReadHtmlCache Behavior [ RunTime:0.001309s ]
INFO: [ app_begin ] --END-- [ RunTime:0.001396s ]
SQL: SHOW COLUMNS FROM `bingo_car_xszlist` [ RunTime:0.004133s ]
SQL: SELECT * FROM `bingo_car_xszlist` WHERE ( `openid` = 'ozFkd0X2wtDeEyBkDoNfk3jTwq9g' ) AND ( `status` >= 0 ) LIMIT 0,6   [ RunTime:0.000461s ]

[ 2017-08-22T19:21:14+08:00 ] 192.168.31.129 /car/?m=Travel&a=myorder&status=2&sessionkey=829a8f88f0cfaa5b&p=1
INFO: [ app_begin ] --START--
INFO: Run ReadHtmlCache Behavior [ RunTime:0.000679s ]
INFO: [ app_begin ] --END-- [ RunTime:0.000756s ]
SQL: SHOW COLUMNS FROM `bingo_car_xszlist` [ RunTime:0.004051s ]
SQL: SELECT * FROM `bingo_car_xszlist` WHERE ( `openid` = 'ozFkd0X2wtDeEyBkDoNfk3jTwq9g' ) AND ( `status` = 2 ) LIMIT 0,6   [ RunTime:0.000402s ]

[ 2017-08-22T19:21:14+08:00 ] 192.168.31.129 /car/?m=Travel&a=myorder&status=1&sessionkey=829a8f88f0cfaa5b&p=1
INFO: [ app_begin ] --START--
INFO: Run ReadHtmlCache Behavior [ RunTime:0.001292s ]
INFO: [ app_begin ] --END-- [ RunTime:0.001375s ]
SQL: SHOW COLUMNS FROM `bingo_car_xszlist` [ RunTime:0.004018s ]
SQL: SELECT * FROM `bingo_car_xszlist` WHERE ( `openid` = 'ozFkd0X2wtDeEyBkDoNfk3jTwq9g' ) AND ( `status` = 1 ) LIMIT 0,6   [ RunTime:0.000446s ]

[ 2017-08-22T19:21:17+08:00 ] 192.168.31.129 /car/?m=Travel&a=myorder&status=&sessionkey=829a8f88f0cfaa5b&p=2
INFO: [ app_begin ] --START--
INFO: Run ReadHtmlCache Behavior [ RunTime:0.001164s ]
INFO: [ app_begin ] --END-- [ RunTime:0.001248s ]
SQL: SHOW COLUMNS FROM `bingo_car_xszlist` [ RunTime:0.004209s ]
SQL: SELECT * FROM `bingo_car_xszlist` WHERE ( `openid` = 'ozFkd0X2wtDeEyBkDoNfk3jTwq9g' ) AND ( `status` >= 0 ) LIMIT 6,6   [ RunTime:0.000415s ]

